CRITICAL - 2020-11-17 00:43:58 --> count(): Parameter must be an array or an object that implements Countable
#0 [internal function]: CodeIgniter\Debug\Exceptions->errorHandler(2, 'count(): Parame...', 'C:\\xampp\\htdocs...', 16, Array)
#1 C:\xampp\htdocs\smk67-project\app\Controllers\Home.php(16): count(Object(CodeIgniter\Database\Query))
#2 C:\xampp\htdocs\smk67-project\vendor\codeigniter4\framework\system\CodeIgniter.php(918): App\Controllers\Home->index()
#3 C:\xampp\htdocs\smk67-project\vendor\codeigniter4\framework\system\CodeIgniter.php(404): CodeIgniter\CodeIgniter->runController(Object(App\Controllers\Home))
#4 C:\xampp\htdocs\smk67-project\vendor\codeigniter4\framework\system\CodeIgniter.php(312): CodeIgniter\CodeIgniter->handleRequest(NULL, Object(Config\Cache), false)
#5 C:\xampp\htdocs\smk67-project\public\index.php(45): CodeIgniter\CodeIgniter->run()
#6 C:\xampp\htdocs\smk67-project\vendor\codeigniter4\framework\system\Commands\Server\rewrite.php(34): require_once('C:\\xampp\\htdocs...')
#7 {main}
CRITICAL - 2020-11-17 00:45:13 --> Call to a member function getLastQuery() on array
#0 C:\xampp\htdocs\smk67-project\app\Controllers\Home.php(16): App\Models\User_model->getSender()
#1 C:\xampp\htdocs\smk67-project\vendor\codeigniter4\framework\system\CodeIgniter.php(918): App\Controllers\Home->index()
#2 C:\xampp\htdocs\smk67-project\vendor\codeigniter4\framework\system\CodeIgniter.php(404): CodeIgniter\CodeIgniter->runController(Object(App\Controllers\Home))
#3 C:\xampp\htdocs\smk67-project\vendor\codeigniter4\framework\system\CodeIgniter.php(312): CodeIgniter\CodeIgniter->handleRequest(NULL, Object(Config\Cache), false)
#4 C:\xampp\htdocs\smk67-project\public\index.php(45): CodeIgniter\CodeIgniter->run()
#5 C:\xampp\htdocs\smk67-project\vendor\codeigniter4\framework\system\Commands\Server\rewrite.php(34): require_once('C:\\xampp\\htdocs...')
#6 {main}
CRITICAL - 2020-11-17 00:54:34 --> count(): Parameter must be an array or an object that implements Countable
#0 [internal function]: CodeIgniter\Debug\Exceptions->errorHandler(2, 'count(): Parame...', 'C:\\xampp\\htdocs...', 16, Array)
#1 C:\xampp\htdocs\smk67-project\app\Controllers\Home.php(16): count(Object(App\Models\User_model))
#2 C:\xampp\htdocs\smk67-project\vendor\codeigniter4\framework\system\CodeIgniter.php(918): App\Controllers\Home->index()
#3 C:\xampp\htdocs\smk67-project\vendor\codeigniter4\framework\system\CodeIgniter.php(404): CodeIgniter\CodeIgniter->runController(Object(App\Controllers\Home))
#4 C:\xampp\htdocs\smk67-project\vendor\codeigniter4\framework\system\CodeIgniter.php(312): CodeIgniter\CodeIgniter->handleRequest(NULL, Object(Config\Cache), false)
#5 C:\xampp\htdocs\smk67-project\public\index.php(45): CodeIgniter\CodeIgniter->run()
#6 C:\xampp\htdocs\smk67-project\vendor\codeigniter4\framework\system\Commands\Server\rewrite.php(34): require_once('C:\\xampp\\htdocs...')
#7 {main}
CRITICAL - 2020-11-17 00:55:36 --> Call to undefined method App\Models\User_model::getResultArray
#0 C:\xampp\htdocs\smk67-project\app\Models\User_model.php(35): CodeIgniter\Model->__call('getResultArray', Array)
#1 C:\xampp\htdocs\smk67-project\app\Controllers\Home.php(16): App\Models\User_model->getSender()
#2 C:\xampp\htdocs\smk67-project\vendor\codeigniter4\framework\system\CodeIgniter.php(918): App\Controllers\Home->index()
#3 C:\xampp\htdocs\smk67-project\vendor\codeigniter4\framework\system\CodeIgniter.php(404): CodeIgniter\CodeIgniter->runController(Object(App\Controllers\Home))
#4 C:\xampp\htdocs\smk67-project\vendor\codeigniter4\framework\system\CodeIgniter.php(312): CodeIgniter\CodeIgniter->handleRequest(NULL, Object(Config\Cache), false)
#5 C:\xampp\htdocs\smk67-project\public\index.php(45): CodeIgniter\CodeIgniter->run()
#6 C:\xampp\htdocs\smk67-project\vendor\codeigniter4\framework\system\Commands\Server\rewrite.php(34): require_once('C:\\xampp\\htdocs...')
#7 {main}
CRITICAL - 2020-11-17 00:56:13 --> count(): Parameter must be an array or an object that implements Countable
#0 [internal function]: CodeIgniter\Debug\Exceptions->errorHandler(2, 'count(): Parame...', 'C:\\xampp\\htdocs...', 16, Array)
#1 C:\xampp\htdocs\smk67-project\app\Controllers\Home.php(16): count(Object(CodeIgniter\Database\MySQLi\Result))
#2 C:\xampp\htdocs\smk67-project\vendor\codeigniter4\framework\system\CodeIgniter.php(918): App\Controllers\Home->index()
#3 C:\xampp\htdocs\smk67-project\vendor\codeigniter4\framework\system\CodeIgniter.php(404): CodeIgniter\CodeIgniter->runController(Object(App\Controllers\Home))
#4 C:\xampp\htdocs\smk67-project\vendor\codeigniter4\framework\system\CodeIgniter.php(312): CodeIgniter\CodeIgniter->handleRequest(NULL, Object(Config\Cache), false)
#5 C:\xampp\htdocs\smk67-project\public\index.php(45): CodeIgniter\CodeIgniter->run()
#6 C:\xampp\htdocs\smk67-project\vendor\codeigniter4\framework\system\Commands\Server\rewrite.php(34): require_once('C:\\xampp\\htdocs...')
#7 {main}
CRITICAL - 2020-11-17 00:57:27 --> Call to undefined method App\Models\User_model::getResult
#0 C:\xampp\htdocs\smk67-project\app\Models\User_model.php(35): CodeIgniter\Model->__call('getResult', Array)
#1 C:\xampp\htdocs\smk67-project\app\Controllers\Home.php(16): App\Models\User_model->getSender()
#2 C:\xampp\htdocs\smk67-project\vendor\codeigniter4\framework\system\CodeIgniter.php(918): App\Controllers\Home->index()
#3 C:\xampp\htdocs\smk67-project\vendor\codeigniter4\framework\system\CodeIgniter.php(404): CodeIgniter\CodeIgniter->runController(Object(App\Controllers\Home))
#4 C:\xampp\htdocs\smk67-project\vendor\codeigniter4\framework\system\CodeIgniter.php(312): CodeIgniter\CodeIgniter->handleRequest(NULL, Object(Config\Cache), false)
#5 C:\xampp\htdocs\smk67-project\public\index.php(45): CodeIgniter\CodeIgniter->run()
#6 C:\xampp\htdocs\smk67-project\vendor\codeigniter4\framework\system\Commands\Server\rewrite.php(34): require_once('C:\\xampp\\htdocs...')
#7 {main}
CRITICAL - 2020-11-17 01:00:53 --> count(): Parameter must be an array or an object that implements Countable
#0 [internal function]: CodeIgniter\Debug\Exceptions->errorHandler(2, 'count(): Parame...', 'C:\\xampp\\htdocs...', 16, Array)
#1 C:\xampp\htdocs\smk67-project\app\Controllers\Home.php(16): count(Object(CodeIgniter\Database\MySQLi\Result))
#2 C:\xampp\htdocs\smk67-project\vendor\codeigniter4\framework\system\CodeIgniter.php(918): App\Controllers\Home->index()
#3 C:\xampp\htdocs\smk67-project\vendor\codeigniter4\framework\system\CodeIgniter.php(404): CodeIgniter\CodeIgniter->runController(Object(App\Controllers\Home))
#4 C:\xampp\htdocs\smk67-project\vendor\codeigniter4\framework\system\CodeIgniter.php(312): CodeIgniter\CodeIgniter->handleRequest(NULL, Object(Config\Cache), false)
#5 C:\xampp\htdocs\smk67-project\public\index.php(45): CodeIgniter\CodeIgniter->run()
#6 C:\xampp\htdocs\smk67-project\vendor\codeigniter4\framework\system\Commands\Server\rewrite.php(34): require_once('C:\\xampp\\htdocs...')
#7 {main}
CRITICAL - 2020-11-17 01:03:28 --> Call to undefined method App\Models\User_model::num_rows
#0 C:\xampp\htdocs\smk67-project\app\Models\User_model.php(35): CodeIgniter\Model->__call('num_rows', Array)
#1 C:\xampp\htdocs\smk67-project\app\Controllers\Home.php(16): App\Models\User_model->getSender()
#2 C:\xampp\htdocs\smk67-project\vendor\codeigniter4\framework\system\CodeIgniter.php(918): App\Controllers\Home->index()
#3 C:\xampp\htdocs\smk67-project\vendor\codeigniter4\framework\system\CodeIgniter.php(404): CodeIgniter\CodeIgniter->runController(Object(App\Controllers\Home))
#4 C:\xampp\htdocs\smk67-project\vendor\codeigniter4\framework\system\CodeIgniter.php(312): CodeIgniter\CodeIgniter->handleRequest(NULL, Object(Config\Cache), false)
#5 C:\xampp\htdocs\smk67-project\public\index.php(45): CodeIgniter\CodeIgniter->run()
#6 C:\xampp\htdocs\smk67-project\vendor\codeigniter4\framework\system\Commands\Server\rewrite.php(34): require_once('C:\\xampp\\htdocs...')
#7 {main}
CRITICAL - 2020-11-17 01:04:34 --> Call to undefined method App\Models\User_model::countResultAll
#0 C:\xampp\htdocs\smk67-project\app\Models\User_model.php(35): CodeIgniter\Model->__call('countResultAll', Array)
#1 C:\xampp\htdocs\smk67-project\app\Controllers\Home.php(16): App\Models\User_model->getSender()
#2 C:\xampp\htdocs\smk67-project\vendor\codeigniter4\framework\system\CodeIgniter.php(918): App\Controllers\Home->index()
#3 C:\xampp\htdocs\smk67-project\vendor\codeigniter4\framework\system\CodeIgniter.php(404): CodeIgniter\CodeIgniter->runController(Object(App\Controllers\Home))
#4 C:\xampp\htdocs\smk67-project\vendor\codeigniter4\framework\system\CodeIgniter.php(312): CodeIgniter\CodeIgniter->handleRequest(NULL, Object(Config\Cache), false)
#5 C:\xampp\htdocs\smk67-project\public\index.php(45): CodeIgniter\CodeIgniter->run()
#6 C:\xampp\htdocs\smk67-project\vendor\codeigniter4\framework\system\Commands\Server\rewrite.php(34): require_once('C:\\xampp\\htdocs...')
#7 {main}
CRITICAL - 2020-11-17 01:04:34 --> Call to undefined method App\Models\User_model::countResultAll
#0 C:\xampp\htdocs\smk67-project\app\Models\User_model.php(35): CodeIgniter\Model->__call('countResultAll', Array)
#1 C:\xampp\htdocs\smk67-project\app\Controllers\Home.php(16): App\Models\User_model->getSender()
#2 C:\xampp\htdocs\smk67-project\vendor\codeigniter4\framework\system\CodeIgniter.php(918): App\Controllers\Home->index()
#3 C:\xampp\htdocs\smk67-project\vendor\codeigniter4\framework\system\CodeIgniter.php(404): CodeIgniter\CodeIgniter->runController(Object(App\Controllers\Home))
#4 C:\xampp\htdocs\smk67-project\vendor\codeigniter4\framework\system\CodeIgniter.php(312): CodeIgniter\CodeIgniter->handleRequest(NULL, Object(Config\Cache), false)
#5 C:\xampp\htdocs\smk67-project\public\index.php(45): CodeIgniter\CodeIgniter->run()
#6 C:\xampp\htdocs\smk67-project\vendor\codeigniter4\framework\system\Commands\Server\rewrite.php(34): require_once('C:\\xampp\\htdocs...')
#7 {main}
CRITICAL - 2020-11-17 01:04:35 --> Call to undefined method App\Models\User_model::countResultAll
#0 C:\xampp\htdocs\smk67-project\app\Models\User_model.php(35): CodeIgniter\Model->__call('countResultAll', Array)
#1 C:\xampp\htdocs\smk67-project\app\Controllers\Home.php(16): App\Models\User_model->getSender()
#2 C:\xampp\htdocs\smk67-project\vendor\codeigniter4\framework\system\CodeIgniter.php(918): App\Controllers\Home->index()
#3 C:\xampp\htdocs\smk67-project\vendor\codeigniter4\framework\system\CodeIgniter.php(404): CodeIgniter\CodeIgniter->runController(Object(App\Controllers\Home))
#4 C:\xampp\htdocs\smk67-project\vendor\codeigniter4\framework\system\CodeIgniter.php(312): CodeIgniter\CodeIgniter->handleRequest(NULL, Object(Config\Cache), false)
#5 C:\xampp\htdocs\smk67-project\public\index.php(45): CodeIgniter\CodeIgniter->run()
#6 C:\xampp\htdocs\smk67-project\vendor\codeigniter4\framework\system\Commands\Server\rewrite.php(34): require_once('C:\\xampp\\htdocs...')
#7 {main}
CRITICAL - 2020-11-17 01:05:15 --> Call to undefined method App\Models\User_model::countResultAll
#0 C:\xampp\htdocs\smk67-project\app\Models\User_model.php(35): CodeIgniter\Model->__call('countResultAll', Array)
#1 C:\xampp\htdocs\smk67-project\app\Controllers\Home.php(16): App\Models\User_model->getSender()
#2 C:\xampp\htdocs\smk67-project\vendor\codeigniter4\framework\system\CodeIgniter.php(918): App\Controllers\Home->index()
#3 C:\xampp\htdocs\smk67-project\vendor\codeigniter4\framework\system\CodeIgniter.php(404): CodeIgniter\CodeIgniter->runController(Object(App\Controllers\Home))
#4 C:\xampp\htdocs\smk67-project\vendor\codeigniter4\framework\system\CodeIgniter.php(312): CodeIgniter\CodeIgniter->handleRequest(NULL, Object(Config\Cache), false)
#5 C:\xampp\htdocs\smk67-project\public\index.php(45): CodeIgniter\CodeIgniter->run()
#6 C:\xampp\htdocs\smk67-project\vendor\codeigniter4\framework\system\Commands\Server\rewrite.php(34): require_once('C:\\xampp\\htdocs...')
#7 {main}
CRITICAL - 2020-11-17 01:07:04 --> count(): Parameter must be an array or an object that implements Countable
#0 [internal function]: CodeIgniter\Debug\Exceptions->errorHandler(2, 'count(): Parame...', 'C:\\xampp\\htdocs...', 16, Array)
#1 C:\xampp\htdocs\smk67-project\app\Controllers\Home.php(16): count(Object(CodeIgniter\Database\MySQLi\Result))
#2 C:\xampp\htdocs\smk67-project\vendor\codeigniter4\framework\system\CodeIgniter.php(918): App\Controllers\Home->index()
#3 C:\xampp\htdocs\smk67-project\vendor\codeigniter4\framework\system\CodeIgniter.php(404): CodeIgniter\CodeIgniter->runController(Object(App\Controllers\Home))
#4 C:\xampp\htdocs\smk67-project\vendor\codeigniter4\framework\system\CodeIgniter.php(312): CodeIgniter\CodeIgniter->handleRequest(NULL, Object(Config\Cache), false)
#5 C:\xampp\htdocs\smk67-project\public\index.php(45): CodeIgniter\CodeIgniter->run()
#6 C:\xampp\htdocs\smk67-project\vendor\codeigniter4\framework\system\Commands\Server\rewrite.php(34): require_once('C:\\xampp\\htdocs...')
#7 {main}
CRITICAL - 2020-11-17 01:08:54 --> count(): Parameter must be an array or an object that implements Countable
#0 [internal function]: CodeIgniter\Debug\Exceptions->errorHandler(2, 'count(): Parame...', 'C:\\xampp\\htdocs...', 17, Array)
#1 C:\xampp\htdocs\smk67-project\app\Controllers\Home.php(17): count(5)
#2 C:\xampp\htdocs\smk67-project\vendor\codeigniter4\framework\system\CodeIgniter.php(918): App\Controllers\Home->index()
#3 C:\xampp\htdocs\smk67-project\vendor\codeigniter4\framework\system\CodeIgniter.php(404): CodeIgniter\CodeIgniter->runController(Object(App\Controllers\Home))
#4 C:\xampp\htdocs\smk67-project\vendor\codeigniter4\framework\system\CodeIgniter.php(312): CodeIgniter\CodeIgniter->handleRequest(NULL, Object(Config\Cache), false)
#5 C:\xampp\htdocs\smk67-project\public\index.php(45): CodeIgniter\CodeIgniter->run()
#6 C:\xampp\htdocs\smk67-project\vendor\codeigniter4\framework\system\Commands\Server\rewrite.php(34): require_once('C:\\xampp\\htdocs...')
#7 {main}
CRITICAL - 2020-11-17 01:09:20 --> count(): Parameter must be an array or an object that implements Countable
#0 [internal function]: CodeIgniter\Debug\Exceptions->errorHandler(2, 'count(): Parame...', 'C:\\xampp\\htdocs...', 17, Array)
#1 C:\xampp\htdocs\smk67-project\app\Controllers\Home.php(17): count(5)
#2 C:\xampp\htdocs\smk67-project\vendor\codeigniter4\framework\system\CodeIgniter.php(918): App\Controllers\Home->index()
#3 C:\xampp\htdocs\smk67-project\vendor\codeigniter4\framework\system\CodeIgniter.php(404): CodeIgniter\CodeIgniter->runController(Object(App\Controllers\Home))
#4 C:\xampp\htdocs\smk67-project\vendor\codeigniter4\framework\system\CodeIgniter.php(312): CodeIgniter\CodeIgniter->handleRequest(NULL, Object(Config\Cache), false)
#5 C:\xampp\htdocs\smk67-project\public\index.php(45): CodeIgniter\CodeIgniter->run()
#6 C:\xampp\htdocs\smk67-project\vendor\codeigniter4\framework\system\Commands\Server\rewrite.php(34): require_once('C:\\xampp\\htdocs...')
#7 {main}
CRITICAL - 2020-11-17 01:13:56 --> Call to a member function countAll() on null
#0 C:\xampp\htdocs\smk67-project\app\Controllers\Home.php(16): App\Models\User_model->getSender()
#1 C:\xampp\htdocs\smk67-project\vendor\codeigniter4\framework\system\CodeIgniter.php(918): App\Controllers\Home->index()
#2 C:\xampp\htdocs\smk67-project\vendor\codeigniter4\framework\system\CodeIgniter.php(404): CodeIgniter\CodeIgniter->runController(Object(App\Controllers\Home))
#3 C:\xampp\htdocs\smk67-project\vendor\codeigniter4\framework\system\CodeIgniter.php(312): CodeIgniter\CodeIgniter->handleRequest(NULL, Object(Config\Cache), false)
#4 C:\xampp\htdocs\smk67-project\public\index.php(45): CodeIgniter\CodeIgniter->run()
#5 C:\xampp\htdocs\smk67-project\vendor\codeigniter4\framework\system\Commands\Server\rewrite.php(34): require_once('C:\\xampp\\htdocs...')
#6 {main}
CRITICAL - 2020-11-17 01:18:14 --> Call to undefined method App\Models\User_model::count
#0 C:\xampp\htdocs\smk67-project\app\Models\User_model.php(35): CodeIgniter\Model->__call('count', Array)
#1 C:\xampp\htdocs\smk67-project\app\Controllers\Home.php(16): App\Models\User_model->getSender()
#2 C:\xampp\htdocs\smk67-project\vendor\codeigniter4\framework\system\CodeIgniter.php(918): App\Controllers\Home->index()
#3 C:\xampp\htdocs\smk67-project\vendor\codeigniter4\framework\system\CodeIgniter.php(404): CodeIgniter\CodeIgniter->runController(Object(App\Controllers\Home))
#4 C:\xampp\htdocs\smk67-project\vendor\codeigniter4\framework\system\CodeIgniter.php(312): CodeIgniter\CodeIgniter->handleRequest(NULL, Object(Config\Cache), false)
#5 C:\xampp\htdocs\smk67-project\public\index.php(45): CodeIgniter\CodeIgniter->run()
#6 C:\xampp\htdocs\smk67-project\vendor\codeigniter4\framework\system\Commands\Server\rewrite.php(34): require_once('C:\\xampp\\htdocs...')
#7 {main}
CRITICAL - 2020-11-17 01:19:17 --> Call to undefined method App\Models\User_model::countAllResult
#0 C:\xampp\htdocs\smk67-project\app\Models\User_model.php(42): CodeIgniter\Model->__call('countAllResult', Array)
#1 C:\xampp\htdocs\smk67-project\app\Controllers\Home.php(17): App\Models\User_model->getReceiver()
#2 C:\xampp\htdocs\smk67-project\vendor\codeigniter4\framework\system\CodeIgniter.php(918): App\Controllers\Home->index()
#3 C:\xampp\htdocs\smk67-project\vendor\codeigniter4\framework\system\CodeIgniter.php(404): CodeIgniter\CodeIgniter->runController(Object(App\Controllers\Home))
#4 C:\xampp\htdocs\smk67-project\vendor\codeigniter4\framework\system\CodeIgniter.php(312): CodeIgniter\CodeIgniter->handleRequest(NULL, Object(Config\Cache), false)
#5 C:\xampp\htdocs\smk67-project\public\index.php(45): CodeIgniter\CodeIgniter->run()
#6 C:\xampp\htdocs\smk67-project\vendor\codeigniter4\framework\system\Commands\Server\rewrite.php(34): require_once('C:\\xampp\\htdocs...')
#7 {main}
CRITICAL - 2020-11-17 01:41:09 --> You have an error in your SQL syntax; check the manual that corresponds to your MariaDB server version for the right syntax to use near 'select count(*) as jumlah, DATE_FORMAT(tgl_simpan, '%M') AS bulan from surat_...' at line 1
#0 C:\xampp\htdocs\smk67-project\vendor\codeigniter4\framework\system\Database\MySQLi\Connection.php(331): mysqli->query('SELECT select c...')
#1 C:\xampp\htdocs\smk67-project\vendor\codeigniter4\framework\system\Database\BaseConnection.php(741): CodeIgniter\Database\MySQLi\Connection->execute('SELECT select c...')
#2 C:\xampp\htdocs\smk67-project\vendor\codeigniter4\framework\system\Database\BaseConnection.php(669): CodeIgniter\Database\BaseConnection->simpleQuery('SELECT select c...')
#3 C:\xampp\htdocs\smk67-project\vendor\codeigniter4\framework\system\Database\BaseBuilder.php(1860): CodeIgniter\Database\BaseConnection->query('SELECT select c...', Array, false)
#4 C:\xampp\htdocs\smk67-project\vendor\codeigniter4\framework\system\Model.php(1818): CodeIgniter\Database\BaseBuilder->get()
#5 C:\xampp\htdocs\smk67-project\app\Models\Backup_model.php(49): CodeIgniter\Model->__call('get', Array)
#6 C:\xampp\htdocs\smk67-project\app\Controllers\Home.php(17): App\Models\Backup_model->getOutputMonthly(2020)
#7 C:\xampp\htdocs\smk67-project\vendor\codeigniter4\framework\system\CodeIgniter.php(918): App\Controllers\Home->index()
#8 C:\xampp\htdocs\smk67-project\vendor\codeigniter4\framework\system\CodeIgniter.php(404): CodeIgniter\CodeIgniter->runController(Object(App\Controllers\Home))
#9 C:\xampp\htdocs\smk67-project\vendor\codeigniter4\framework\system\CodeIgniter.php(312): CodeIgniter\CodeIgniter->handleRequest(NULL, Object(Config\Cache), false)
#10 C:\xampp\htdocs\smk67-project\public\index.php(45): CodeIgniter\CodeIgniter->run()
#11 C:\xampp\htdocs\smk67-project\vendor\codeigniter4\framework\system\Commands\Server\rewrite.php(34): require_once('C:\\xampp\\htdocs...')
#12 {main}
CRITICAL - 2020-11-17 01:51:24 --> Call to undefined method App\Models\Backup_model::getArrayResults
#0 C:\xampp\htdocs\smk67-project\app\Models\Backup_model.php(51): CodeIgniter\Model->__call('getArrayResults', Array)
#1 C:\xampp\htdocs\smk67-project\app\Controllers\Home.php(17): App\Models\Backup_model->getOutputMonthly(2020)
#2 C:\xampp\htdocs\smk67-project\vendor\codeigniter4\framework\system\CodeIgniter.php(918): App\Controllers\Home->index()
#3 C:\xampp\htdocs\smk67-project\vendor\codeigniter4\framework\system\CodeIgniter.php(404): CodeIgniter\CodeIgniter->runController(Object(App\Controllers\Home))
#4 C:\xampp\htdocs\smk67-project\vendor\codeigniter4\framework\system\CodeIgniter.php(312): CodeIgniter\CodeIgniter->handleRequest(NULL, Object(Config\Cache), false)
#5 C:\xampp\htdocs\smk67-project\public\index.php(45): CodeIgniter\CodeIgniter->run()
#6 C:\xampp\htdocs\smk67-project\vendor\codeigniter4\framework\system\Commands\Server\rewrite.php(34): require_once('C:\\xampp\\htdocs...')
#7 {main}
CRITICAL - 2020-11-17 01:52:46 --> Call to undefined method App\Models\Backup_model::getResultsArray
#0 C:\xampp\htdocs\smk67-project\app\Models\Backup_model.php(51): CodeIgniter\Model->__call('getResultsArray', Array)
#1 C:\xampp\htdocs\smk67-project\app\Controllers\Home.php(17): App\Models\Backup_model->getOutputMonthly(2020)
#2 C:\xampp\htdocs\smk67-project\vendor\codeigniter4\framework\system\CodeIgniter.php(918): App\Controllers\Home->index()
#3 C:\xampp\htdocs\smk67-project\vendor\codeigniter4\framework\system\CodeIgniter.php(404): CodeIgniter\CodeIgniter->runController(Object(App\Controllers\Home))
#4 C:\xampp\htdocs\smk67-project\vendor\codeigniter4\framework\system\CodeIgniter.php(312): CodeIgniter\CodeIgniter->handleRequest(NULL, Object(Config\Cache), false)
#5 C:\xampp\htdocs\smk67-project\public\index.php(45): CodeIgniter\CodeIgniter->run()
#6 C:\xampp\htdocs\smk67-project\vendor\codeigniter4\framework\system\Commands\Server\rewrite.php(34): require_once('C:\\xampp\\htdocs...')
#7 {main}
CRITICAL - 2020-11-17 01:55:13 --> Call to undefined method App\Models\Backup_model::getResult
#0 C:\xampp\htdocs\smk67-project\app\Models\Backup_model.php(51): CodeIgniter\Model->__call('getResult', Array)
#1 C:\xampp\htdocs\smk67-project\app\Controllers\Home.php(17): App\Models\Backup_model->getOutputMonthly(2020)
#2 C:\xampp\htdocs\smk67-project\vendor\codeigniter4\framework\system\CodeIgniter.php(918): App\Controllers\Home->index()
#3 C:\xampp\htdocs\smk67-project\vendor\codeigniter4\framework\system\CodeIgniter.php(404): CodeIgniter\CodeIgniter->runController(Object(App\Controllers\Home))
#4 C:\xampp\htdocs\smk67-project\vendor\codeigniter4\framework\system\CodeIgniter.php(312): CodeIgniter\CodeIgniter->handleRequest(NULL, Object(Config\Cache), false)
#5 C:\xampp\htdocs\smk67-project\public\index.php(45): CodeIgniter\CodeIgniter->run()
#6 C:\xampp\htdocs\smk67-project\vendor\codeigniter4\framework\system\Commands\Server\rewrite.php(34): require_once('C:\\xampp\\htdocs...')
#7 {main}
CRITICAL - 2020-11-17 01:55:13 --> Call to undefined method App\Models\Backup_model::getResult
#0 C:\xampp\htdocs\smk67-project\app\Models\Backup_model.php(51): CodeIgniter\Model->__call('getResult', Array)
#1 C:\xampp\htdocs\smk67-project\app\Controllers\Home.php(17): App\Models\Backup_model->getOutputMonthly(2020)
#2 C:\xampp\htdocs\smk67-project\vendor\codeigniter4\framework\system\CodeIgniter.php(918): App\Controllers\Home->index()
#3 C:\xampp\htdocs\smk67-project\vendor\codeigniter4\framework\system\CodeIgniter.php(404): CodeIgniter\CodeIgniter->runController(Object(App\Controllers\Home))
#4 C:\xampp\htdocs\smk67-project\vendor\codeigniter4\framework\system\CodeIgniter.php(312): CodeIgniter\CodeIgniter->handleRequest(NULL, Object(Config\Cache), false)
#5 C:\xampp\htdocs\smk67-project\public\index.php(45): CodeIgniter\CodeIgniter->run()
#6 C:\xampp\htdocs\smk67-project\vendor\codeigniter4\framework\system\Commands\Server\rewrite.php(34): require_once('C:\\xampp\\htdocs...')
#7 {main}
CRITICAL - 2020-11-17 01:55:13 --> Call to undefined method App\Models\Backup_model::getResult
#0 C:\xampp\htdocs\smk67-project\app\Models\Backup_model.php(51): CodeIgniter\Model->__call('getResult', Array)
#1 C:\xampp\htdocs\smk67-project\app\Controllers\Home.php(17): App\Models\Backup_model->getOutputMonthly(2020)
#2 C:\xampp\htdocs\smk67-project\vendor\codeigniter4\framework\system\CodeIgniter.php(918): App\Controllers\Home->index()
#3 C:\xampp\htdocs\smk67-project\vendor\codeigniter4\framework\system\CodeIgniter.php(404): CodeIgniter\CodeIgniter->runController(Object(App\Controllers\Home))
#4 C:\xampp\htdocs\smk67-project\vendor\codeigniter4\framework\system\CodeIgniter.php(312): CodeIgniter\CodeIgniter->handleRequest(NULL, Object(Config\Cache), false)
#5 C:\xampp\htdocs\smk67-project\public\index.php(45): CodeIgniter\CodeIgniter->run()
#6 C:\xampp\htdocs\smk67-project\vendor\codeigniter4\framework\system\Commands\Server\rewrite.php(34): require_once('C:\\xampp\\htdocs...')
#7 {main}
CRITICAL - 2020-11-17 01:55:15 --> Call to undefined method App\Models\Backup_model::getResult
#0 C:\xampp\htdocs\smk67-project\app\Models\Backup_model.php(51): CodeIgniter\Model->__call('getResult', Array)
#1 C:\xampp\htdocs\smk67-project\app\Controllers\Home.php(17): App\Models\Backup_model->getOutputMonthly(2020)
#2 C:\xampp\htdocs\smk67-project\vendor\codeigniter4\framework\system\CodeIgniter.php(918): App\Controllers\Home->index()
#3 C:\xampp\htdocs\smk67-project\vendor\codeigniter4\framework\system\CodeIgniter.php(404): CodeIgniter\CodeIgniter->runController(Object(App\Controllers\Home))
#4 C:\xampp\htdocs\smk67-project\vendor\codeigniter4\framework\system\CodeIgniter.php(312): CodeIgniter\CodeIgniter->handleRequest(NULL, Object(Config\Cache), false)
#5 C:\xampp\htdocs\smk67-project\public\index.php(45): CodeIgniter\CodeIgniter->run()
#6 C:\xampp\htdocs\smk67-project\vendor\codeigniter4\framework\system\Commands\Server\rewrite.php(34): require_once('C:\\xampp\\htdocs...')
#7 {main}
CRITICAL - 2020-11-17 01:55:16 --> Call to undefined method App\Models\Backup_model::getResult
#0 C:\xampp\htdocs\smk67-project\app\Models\Backup_model.php(51): CodeIgniter\Model->__call('getResult', Array)
#1 C:\xampp\htdocs\smk67-project\app\Controllers\Home.php(17): App\Models\Backup_model->getOutputMonthly(2020)
#2 C:\xampp\htdocs\smk67-project\vendor\codeigniter4\framework\system\CodeIgniter.php(918): App\Controllers\Home->index()
#3 C:\xampp\htdocs\smk67-project\vendor\codeigniter4\framework\system\CodeIgniter.php(404): CodeIgniter\CodeIgniter->runController(Object(App\Controllers\Home))
#4 C:\xampp\htdocs\smk67-project\vendor\codeigniter4\framework\system\CodeIgniter.php(312): CodeIgniter\CodeIgniter->handleRequest(NULL, Object(Config\Cache), false)
#5 C:\xampp\htdocs\smk67-project\public\index.php(45): CodeIgniter\CodeIgniter->run()
#6 C:\xampp\htdocs\smk67-project\vendor\codeigniter4\framework\system\Commands\Server\rewrite.php(34): require_once('C:\\xampp\\htdocs...')
#7 {main}
CRITICAL - 2020-11-17 01:55:19 --> Call to undefined method App\Models\Backup_model::getResult
#0 C:\xampp\htdocs\smk67-project\app\Models\Backup_model.php(51): CodeIgniter\Model->__call('getResult', Array)
#1 C:\xampp\htdocs\smk67-project\app\Controllers\Home.php(17): App\Models\Backup_model->getOutputMonthly(2020)
#2 C:\xampp\htdocs\smk67-project\vendor\codeigniter4\framework\system\CodeIgniter.php(918): App\Controllers\Home->index()
#3 C:\xampp\htdocs\smk67-project\vendor\codeigniter4\framework\system\CodeIgniter.php(404): CodeIgniter\CodeIgniter->runController(Object(App\Controllers\Home))
#4 C:\xampp\htdocs\smk67-project\vendor\codeigniter4\framework\system\CodeIgniter.php(312): CodeIgniter\CodeIgniter->handleRequest(NULL, Object(Config\Cache), false)
#5 C:\xampp\htdocs\smk67-project\public\index.php(45): CodeIgniter\CodeIgniter->run()
#6 C:\xampp\htdocs\smk67-project\vendor\codeigniter4\framework\system\Commands\Server\rewrite.php(34): require_once('C:\\xampp\\htdocs...')
#7 {main}
CRITICAL - 2020-11-17 01:56:02 --> Call to undefined method App\Models\Backup_model::getResultArray
#0 C:\xampp\htdocs\smk67-project\app\Models\Backup_model.php(51): CodeIgniter\Model->__call('getResultArray', Array)
#1 C:\xampp\htdocs\smk67-project\app\Controllers\Home.php(17): App\Models\Backup_model->getOutputMonthly(2020)
#2 C:\xampp\htdocs\smk67-project\vendor\codeigniter4\framework\system\CodeIgniter.php(918): App\Controllers\Home->index()
#3 C:\xampp\htdocs\smk67-project\vendor\codeigniter4\framework\system\CodeIgniter.php(404): CodeIgniter\CodeIgniter->runController(Object(App\Controllers\Home))
#4 C:\xampp\htdocs\smk67-project\vendor\codeigniter4\framework\system\CodeIgniter.php(312): CodeIgniter\CodeIgniter->handleRequest(NULL, Object(Config\Cache), false)
#5 C:\xampp\htdocs\smk67-project\public\index.php(45): CodeIgniter\CodeIgniter->run()
#6 C:\xampp\htdocs\smk67-project\vendor\codeigniter4\framework\system\Commands\Server\rewrite.php(34): require_once('C:\\xampp\\htdocs...')
#7 {main}
CRITICAL - 2020-11-17 01:56:06 --> Call to undefined method App\Models\Backup_model::getResultArray
#0 C:\xampp\htdocs\smk67-project\app\Models\Backup_model.php(51): CodeIgniter\Model->__call('getResultArray', Array)
#1 C:\xampp\htdocs\smk67-project\app\Controllers\Home.php(17): App\Models\Backup_model->getOutputMonthly(2020)
#2 C:\xampp\htdocs\smk67-project\vendor\codeigniter4\framework\system\CodeIgniter.php(918): App\Controllers\Home->index()
#3 C:\xampp\htdocs\smk67-project\vendor\codeigniter4\framework\system\CodeIgniter.php(404): CodeIgniter\CodeIgniter->runController(Object(App\Controllers\Home))
#4 C:\xampp\htdocs\smk67-project\vendor\codeigniter4\framework\system\CodeIgniter.php(312): CodeIgniter\CodeIgniter->handleRequest(NULL, Object(Config\Cache), false)
#5 C:\xampp\htdocs\smk67-project\public\index.php(45): CodeIgniter\CodeIgniter->run()
#6 C:\xampp\htdocs\smk67-project\vendor\codeigniter4\framework\system\Commands\Server\rewrite.php(34): require_once('C:\\xampp\\htdocs...')
#7 {main}
