CRITICAL - 2020-09-30 00:58:15 --> Unknown column 'users.role_id' in 'on clause'
#0 C:\xampp\htdocs\smk67-project\vendor\codeigniter4\framework\system\Database\MySQLi\Connection.php(331): mysqli->query('SELECT `users_s...')
#1 C:\xampp\htdocs\smk67-project\vendor\codeigniter4\framework\system\Database\BaseConnection.php(741): CodeIgniter\Database\MySQLi\Connection->execute('SELECT `users_s...')
#2 C:\xampp\htdocs\smk67-project\vendor\codeigniter4\framework\system\Database\BaseConnection.php(669): CodeIgniter\Database\BaseConnection->simpleQuery('SELECT `users_s...')
#3 C:\xampp\htdocs\smk67-project\vendor\codeigniter4\framework\system\Database\BaseBuilder.php(1860): CodeIgniter\Database\BaseConnection->query('SELECT `users_s...', Array, false)
#4 C:\xampp\htdocs\smk67-project\app\Models\User_model.php(12): CodeIgniter\Database\BaseBuilder->get()
#5 C:\xampp\htdocs\smk67-project\app\Controllers\User.php(11): App\Models\User_model->getUsers()
#6 C:\xampp\htdocs\smk67-project\vendor\codeigniter4\framework\system\CodeIgniter.php(918): App\Controllers\User->index()
#7 C:\xampp\htdocs\smk67-project\vendor\codeigniter4\framework\system\CodeIgniter.php(404): CodeIgniter\CodeIgniter->runController(Object(App\Controllers\User))
#8 C:\xampp\htdocs\smk67-project\vendor\codeigniter4\framework\system\CodeIgniter.php(312): CodeIgniter\CodeIgniter->handleRequest(NULL, Object(Config\Cache), false)
#9 C:\xampp\htdocs\smk67-project\public\index.php(45): CodeIgniter\CodeIgniter->run()
#10 C:\xampp\htdocs\smk67-project\vendor\codeigniter4\framework\system\Commands\Server\rewrite.php(34): require_once('C:\\xampp\\htdocs...')
#11 {main}
CRITICAL - 2020-09-30 01:07:07 --> Unknown column 'users.role_id' in 'on clause'
#0 C:\xampp\htdocs\smk67-project\vendor\codeigniter4\framework\system\Database\MySQLi\Connection.php(331): mysqli->query('SELECT `users_s...')
#1 C:\xampp\htdocs\smk67-project\vendor\codeigniter4\framework\system\Database\BaseConnection.php(741): CodeIgniter\Database\MySQLi\Connection->execute('SELECT `users_s...')
#2 C:\xampp\htdocs\smk67-project\vendor\codeigniter4\framework\system\Database\BaseConnection.php(669): CodeIgniter\Database\BaseConnection->simpleQuery('SELECT `users_s...')
#3 C:\xampp\htdocs\smk67-project\vendor\codeigniter4\framework\system\Database\BaseBuilder.php(1860): CodeIgniter\Database\BaseConnection->query('SELECT `users_s...', Array, false)
#4 C:\xampp\htdocs\smk67-project\app\Models\User_model.php(12): CodeIgniter\Database\BaseBuilder->get()
#5 C:\xampp\htdocs\smk67-project\app\Controllers\User.php(11): App\Models\User_model->getUsers()
#6 C:\xampp\htdocs\smk67-project\vendor\codeigniter4\framework\system\CodeIgniter.php(918): App\Controllers\User->index()
#7 C:\xampp\htdocs\smk67-project\vendor\codeigniter4\framework\system\CodeIgniter.php(404): CodeIgniter\CodeIgniter->runController(Object(App\Controllers\User))
#8 C:\xampp\htdocs\smk67-project\vendor\codeigniter4\framework\system\CodeIgniter.php(312): CodeIgniter\CodeIgniter->handleRequest(NULL, Object(Config\Cache), false)
#9 C:\xampp\htdocs\smk67-project\public\index.php(45): CodeIgniter\CodeIgniter->run()
#10 C:\xampp\htdocs\smk67-project\vendor\codeigniter4\framework\system\Commands\Server\rewrite.php(34): require_once('C:\\xampp\\htdocs...')
#11 {main}
CRITICAL - 2020-09-30 01:11:24 --> Unknown column 'users.role_id' in 'on clause'
#0 C:\xampp\htdocs\smk67-project\vendor\codeigniter4\framework\system\Database\MySQLi\Connection.php(331): mysqli->query('SELECT `users_s...')
#1 C:\xampp\htdocs\smk67-project\vendor\codeigniter4\framework\system\Database\BaseConnection.php(741): CodeIgniter\Database\MySQLi\Connection->execute('SELECT `users_s...')
#2 C:\xampp\htdocs\smk67-project\vendor\codeigniter4\framework\system\Database\BaseConnection.php(669): CodeIgniter\Database\BaseConnection->simpleQuery('SELECT `users_s...')
#3 C:\xampp\htdocs\smk67-project\vendor\codeigniter4\framework\system\Database\BaseBuilder.php(1860): CodeIgniter\Database\BaseConnection->query('SELECT `users_s...', Array, false)
#4 C:\xampp\htdocs\smk67-project\app\Models\User_model.php(12): CodeIgniter\Database\BaseBuilder->get()
#5 C:\xampp\htdocs\smk67-project\app\Controllers\User.php(11): App\Models\User_model->getUsers()
#6 C:\xampp\htdocs\smk67-project\vendor\codeigniter4\framework\system\CodeIgniter.php(918): App\Controllers\User->index()
#7 C:\xampp\htdocs\smk67-project\vendor\codeigniter4\framework\system\CodeIgniter.php(404): CodeIgniter\CodeIgniter->runController(Object(App\Controllers\User))
#8 C:\xampp\htdocs\smk67-project\vendor\codeigniter4\framework\system\CodeIgniter.php(312): CodeIgniter\CodeIgniter->handleRequest(NULL, Object(Config\Cache), false)
#9 C:\xampp\htdocs\smk67-project\public\index.php(45): CodeIgniter\CodeIgniter->run()
#10 C:\xampp\htdocs\smk67-project\vendor\codeigniter4\framework\system\Commands\Server\rewrite.php(34): require_once('C:\\xampp\\htdocs...')
#11 {main}
CRITICAL - 2020-09-30 03:00:37 --> Cannot declare class App\Database\Seeds\SuratBackupSeeder, because the name is already in use
#0 [internal function]: CodeIgniter\Debug\Exceptions->shutdownHandler()
#1 {main}
