CRITICAL - 2020-11-24 00:56:20 --> Too few arguments to function App\Controllers\Kerangka::index(), 0 passed in C:\xampp\htdocs\smk67-project\vendor\codeigniter4\framework\system\CodeIgniter.php on line 918 and exactly 1 expected
#0 C:\xampp\htdocs\smk67-project\vendor\codeigniter4\framework\system\CodeIgniter.php(918): App\Controllers\Kerangka->index()
#1 C:\xampp\htdocs\smk67-project\vendor\codeigniter4\framework\system\CodeIgniter.php(404): CodeIgniter\CodeIgniter->runController(Object(App\Controllers\Kerangka))
#2 C:\xampp\htdocs\smk67-project\vendor\codeigniter4\framework\system\CodeIgniter.php(312): CodeIgniter\CodeIgniter->handleRequest(NULL, Object(Config\Cache), false)
#3 C:\xampp\htdocs\smk67-project\public\index.php(45): CodeIgniter\CodeIgniter->run()
#4 C:\xampp\htdocs\smk67-project\vendor\codeigniter4\framework\system\Commands\Server\rewrite.php(34): require_once('C:\\xampp\\htdocs...')
#5 {main}
CRITICAL - 2020-11-24 01:37:21 --> Too few arguments to function App\Controllers\Kerangka::index(), 0 passed in C:\xampp\htdocs\smk67-project\vendor\codeigniter4\framework\system\CodeIgniter.php on line 918 and exactly 1 expected
#0 C:\xampp\htdocs\smk67-project\vendor\codeigniter4\framework\system\CodeIgniter.php(918): App\Controllers\Kerangka->index()
#1 C:\xampp\htdocs\smk67-project\vendor\codeigniter4\framework\system\CodeIgniter.php(404): CodeIgniter\CodeIgniter->runController(Object(App\Controllers\Kerangka))
#2 C:\xampp\htdocs\smk67-project\vendor\codeigniter4\framework\system\CodeIgniter.php(312): CodeIgniter\CodeIgniter->handleRequest(NULL, Object(Config\Cache), false)
#3 C:\xampp\htdocs\smk67-project\public\index.php(45): CodeIgniter\CodeIgniter->run()
#4 C:\xampp\htdocs\smk67-project\vendor\codeigniter4\framework\system\Commands\Server\rewrite.php(34): require_once('C:\\xampp\\htdocs...')
#5 {main}
CRITICAL - 2020-11-24 01:37:45 --> Undefined variable: arr
#0 C:\xampp\htdocs\smk67-project\app\Views\templates\index.php(8): CodeIgniter\Debug\Exceptions->errorHandler(8, 'Undefined varia...', 'C:\\xampp\\htdocs...', 8, Array)
#1 C:\xampp\htdocs\smk67-project\vendor\codeigniter4\framework\system\View\View.php(246): include('C:\\xampp\\htdocs...')
#2 C:\xampp\htdocs\smk67-project\vendor\codeigniter4\framework\system\Common.php(1119): CodeIgniter\View\View->render('templates/index', Array, true)
#3 C:\xampp\htdocs\smk67-project\app\Config\Services.php(36): view('templates/index', Array)
#4 C:\xampp\htdocs\smk67-project\app\Controllers\Kerangka.php(20): Config\Services::template('templates/index', Array)
#5 C:\xampp\htdocs\smk67-project\vendor\codeigniter4\framework\system\CodeIgniter.php(918): App\Controllers\Kerangka->index()
#6 C:\xampp\htdocs\smk67-project\vendor\codeigniter4\framework\system\CodeIgniter.php(404): CodeIgniter\CodeIgniter->runController(Object(App\Controllers\Kerangka))
#7 C:\xampp\htdocs\smk67-project\vendor\codeigniter4\framework\system\CodeIgniter.php(312): CodeIgniter\CodeIgniter->handleRequest(NULL, Object(Config\Cache), false)
#8 C:\xampp\htdocs\smk67-project\public\index.php(45): CodeIgniter\CodeIgniter->run()
#9 C:\xampp\htdocs\smk67-project\vendor\codeigniter4\framework\system\Commands\Server\rewrite.php(34): require_once('C:\\xampp\\htdocs...')
#10 {main}
CRITICAL - 2020-11-24 01:39:07 --> Undefined index: Nomor
#0 C:\xampp\htdocs\smk67-project\app\Views\templates\index.php(51): CodeIgniter\Debug\Exceptions->errorHandler(8, 'Undefined index...', 'C:\\xampp\\htdocs...', 51, Array)
#1 C:\xampp\htdocs\smk67-project\vendor\codeigniter4\framework\system\View\View.php(246): include('C:\\xampp\\htdocs...')
#2 C:\xampp\htdocs\smk67-project\vendor\codeigniter4\framework\system\Common.php(1119): CodeIgniter\View\View->render('templates/index', Array, true)
#3 C:\xampp\htdocs\smk67-project\app\Config\Services.php(36): view('templates/index', Array)
#4 C:\xampp\htdocs\smk67-project\app\Controllers\Kerangka.php(20): Config\Services::template('templates/index', Array)
#5 C:\xampp\htdocs\smk67-project\vendor\codeigniter4\framework\system\CodeIgniter.php(918): App\Controllers\Kerangka->index()
#6 C:\xampp\htdocs\smk67-project\vendor\codeigniter4\framework\system\CodeIgniter.php(404): CodeIgniter\CodeIgniter->runController(Object(App\Controllers\Kerangka))
#7 C:\xampp\htdocs\smk67-project\vendor\codeigniter4\framework\system\CodeIgniter.php(312): CodeIgniter\CodeIgniter->handleRequest(NULL, Object(Config\Cache), false)
#8 C:\xampp\htdocs\smk67-project\public\index.php(45): CodeIgniter\CodeIgniter->run()
#9 C:\xampp\htdocs\smk67-project\vendor\codeigniter4\framework\system\Commands\Server\rewrite.php(34): require_once('C:\\xampp\\htdocs...')
#10 {main}
CRITICAL - 2020-11-24 01:39:57 --> Undefined index: nama
#0 C:\xampp\htdocs\smk67-project\app\Views\templates\index.php(57): CodeIgniter\Debug\Exceptions->errorHandler(8, 'Undefined index...', 'C:\\xampp\\htdocs...', 57, Array)
#1 C:\xampp\htdocs\smk67-project\vendor\codeigniter4\framework\system\View\View.php(246): include('C:\\xampp\\htdocs...')
#2 C:\xampp\htdocs\smk67-project\vendor\codeigniter4\framework\system\Common.php(1119): CodeIgniter\View\View->render('templates/index', Array, true)
#3 C:\xampp\htdocs\smk67-project\app\Config\Services.php(36): view('templates/index', Array)
#4 C:\xampp\htdocs\smk67-project\app\Controllers\Kerangka.php(20): Config\Services::template('templates/index', Array)
#5 C:\xampp\htdocs\smk67-project\vendor\codeigniter4\framework\system\CodeIgniter.php(918): App\Controllers\Kerangka->index()
#6 C:\xampp\htdocs\smk67-project\vendor\codeigniter4\framework\system\CodeIgniter.php(404): CodeIgniter\CodeIgniter->runController(Object(App\Controllers\Kerangka))
#7 C:\xampp\htdocs\smk67-project\vendor\codeigniter4\framework\system\CodeIgniter.php(312): CodeIgniter\CodeIgniter->handleRequest(NULL, Object(Config\Cache), false)
#8 C:\xampp\htdocs\smk67-project\public\index.php(45): CodeIgniter\CodeIgniter->run()
#9 C:\xampp\htdocs\smk67-project\vendor\codeigniter4\framework\system\Commands\Server\rewrite.php(34): require_once('C:\\xampp\\htdocs...')
#10 {main}
CRITICAL - 2020-11-24 01:48:27 --> Undefined index: id_penerima
#0 C:\xampp\htdocs\smk67-project\app\Views\permintaan\index.php(67): CodeIgniter\Debug\Exceptions->errorHandler(8, 'Undefined index...', 'C:\\xampp\\htdocs...', 67, Array)
#1 C:\xampp\htdocs\smk67-project\vendor\codeigniter4\framework\system\View\View.php(246): include('C:\\xampp\\htdocs...')
#2 C:\xampp\htdocs\smk67-project\vendor\codeigniter4\framework\system\Common.php(1119): CodeIgniter\View\View->render('permintaan/inde...', Array, true)
#3 C:\xampp\htdocs\smk67-project\app\Config\Services.php(36): view('permintaan/inde...', Array)
#4 C:\xampp\htdocs\smk67-project\app\Controllers\Permintaan.php(22): Config\Services::template('permintaan/inde...', Array)
#5 C:\xampp\htdocs\smk67-project\vendor\codeigniter4\framework\system\CodeIgniter.php(918): App\Controllers\Permintaan->index()
#6 C:\xampp\htdocs\smk67-project\vendor\codeigniter4\framework\system\CodeIgniter.php(404): CodeIgniter\CodeIgniter->runController(Object(App\Controllers\Permintaan))
#7 C:\xampp\htdocs\smk67-project\vendor\codeigniter4\framework\system\CodeIgniter.php(312): CodeIgniter\CodeIgniter->handleRequest(NULL, Object(Config\Cache), false)
#8 C:\xampp\htdocs\smk67-project\public\index.php(45): CodeIgniter\CodeIgniter->run()
#9 C:\xampp\htdocs\smk67-project\vendor\codeigniter4\framework\system\Commands\Server\rewrite.php(34): require_once('C:\\xampp\\htdocs...')
#10 {main}
CRITICAL - 2020-11-24 01:48:31 --> Undefined index: id_penerima
#0 C:\xampp\htdocs\smk67-project\app\Views\permintaan\index.php(67): CodeIgniter\Debug\Exceptions->errorHandler(8, 'Undefined index...', 'C:\\xampp\\htdocs...', 67, Array)
#1 C:\xampp\htdocs\smk67-project\vendor\codeigniter4\framework\system\View\View.php(246): include('C:\\xampp\\htdocs...')
#2 C:\xampp\htdocs\smk67-project\vendor\codeigniter4\framework\system\Common.php(1119): CodeIgniter\View\View->render('permintaan/inde...', Array, true)
#3 C:\xampp\htdocs\smk67-project\app\Config\Services.php(36): view('permintaan/inde...', Array)
#4 C:\xampp\htdocs\smk67-project\app\Controllers\Permintaan.php(22): Config\Services::template('permintaan/inde...', Array)
#5 C:\xampp\htdocs\smk67-project\vendor\codeigniter4\framework\system\CodeIgniter.php(918): App\Controllers\Permintaan->index()
#6 C:\xampp\htdocs\smk67-project\vendor\codeigniter4\framework\system\CodeIgniter.php(404): CodeIgniter\CodeIgniter->runController(Object(App\Controllers\Permintaan))
#7 C:\xampp\htdocs\smk67-project\vendor\codeigniter4\framework\system\CodeIgniter.php(312): CodeIgniter\CodeIgniter->handleRequest(NULL, Object(Config\Cache), false)
#8 C:\xampp\htdocs\smk67-project\public\index.php(45): CodeIgniter\CodeIgniter->run()
#9 C:\xampp\htdocs\smk67-project\vendor\codeigniter4\framework\system\Commands\Server\rewrite.php(34): require_once('C:\\xampp\\htdocs...')
#10 {main}
CRITICAL - 2020-11-24 01:48:56 --> Undefined index: id_penerima
#0 C:\xampp\htdocs\smk67-project\app\Views\permintaan\index.php(67): CodeIgniter\Debug\Exceptions->errorHandler(8, 'Undefined index...', 'C:\\xampp\\htdocs...', 67, Array)
#1 C:\xampp\htdocs\smk67-project\vendor\codeigniter4\framework\system\View\View.php(246): include('C:\\xampp\\htdocs...')
#2 C:\xampp\htdocs\smk67-project\vendor\codeigniter4\framework\system\Common.php(1119): CodeIgniter\View\View->render('permintaan/inde...', Array, true)
#3 C:\xampp\htdocs\smk67-project\app\Config\Services.php(36): view('permintaan/inde...', Array)
#4 C:\xampp\htdocs\smk67-project\app\Controllers\Permintaan.php(22): Config\Services::template('permintaan/inde...', Array)
#5 C:\xampp\htdocs\smk67-project\vendor\codeigniter4\framework\system\CodeIgniter.php(918): App\Controllers\Permintaan->index()
#6 C:\xampp\htdocs\smk67-project\vendor\codeigniter4\framework\system\CodeIgniter.php(404): CodeIgniter\CodeIgniter->runController(Object(App\Controllers\Permintaan))
#7 C:\xampp\htdocs\smk67-project\vendor\codeigniter4\framework\system\CodeIgniter.php(312): CodeIgniter\CodeIgniter->handleRequest(NULL, Object(Config\Cache), false)
#8 C:\xampp\htdocs\smk67-project\public\index.php(45): CodeIgniter\CodeIgniter->run()
#9 C:\xampp\htdocs\smk67-project\vendor\codeigniter4\framework\system\Commands\Server\rewrite.php(34): require_once('C:\\xampp\\htdocs...')
#10 {main}
CRITICAL - 2020-11-24 02:02:12 --> Undefined variable: user_data_id
#0 C:\xampp\htdocs\smk67-project\app\Views\templates\form.php(45): CodeIgniter\Debug\Exceptions->errorHandler(8, 'Undefined varia...', 'C:\\xampp\\htdocs...', 45, Array)
#1 C:\xampp\htdocs\smk67-project\vendor\codeigniter4\framework\system\View\View.php(246): include('C:\\xampp\\htdocs...')
#2 C:\xampp\htdocs\smk67-project\vendor\codeigniter4\framework\system\Common.php(1119): CodeIgniter\View\View->render('templates/form', Array, true)
#3 C:\xampp\htdocs\smk67-project\app\Config\Services.php(36): view('templates/form', Array)
#4 C:\xampp\htdocs\smk67-project\app\Controllers\Kerangka.php(70): Config\Services::template('templates/form', Array)
#5 C:\xampp\htdocs\smk67-project\vendor\codeigniter4\framework\system\CodeIgniter.php(918): App\Controllers\Kerangka->edit('3')
#6 C:\xampp\htdocs\smk67-project\vendor\codeigniter4\framework\system\CodeIgniter.php(404): CodeIgniter\CodeIgniter->runController(Object(App\Controllers\Kerangka))
#7 C:\xampp\htdocs\smk67-project\vendor\codeigniter4\framework\system\CodeIgniter.php(312): CodeIgniter\CodeIgniter->handleRequest(NULL, Object(Config\Cache), false)
#8 C:\xampp\htdocs\smk67-project\public\index.php(45): CodeIgniter\CodeIgniter->run()
#9 C:\xampp\htdocs\smk67-project\vendor\codeigniter4\framework\system\Commands\Server\rewrite.php(34): require_once('C:\\xampp\\htdocs...')
#10 {main}
CRITICAL - 2020-11-24 02:02:13 --> Undefined variable: user_data_id
#0 C:\xampp\htdocs\smk67-project\app\Views\templates\form.php(45): CodeIgniter\Debug\Exceptions->errorHandler(8, 'Undefined varia...', 'C:\\xampp\\htdocs...', 45, Array)
#1 C:\xampp\htdocs\smk67-project\vendor\codeigniter4\framework\system\View\View.php(246): include('C:\\xampp\\htdocs...')
#2 C:\xampp\htdocs\smk67-project\vendor\codeigniter4\framework\system\Common.php(1119): CodeIgniter\View\View->render('templates/form', Array, true)
#3 C:\xampp\htdocs\smk67-project\app\Config\Services.php(36): view('templates/form', Array)
#4 C:\xampp\htdocs\smk67-project\app\Controllers\Kerangka.php(70): Config\Services::template('templates/form', Array)
#5 C:\xampp\htdocs\smk67-project\vendor\codeigniter4\framework\system\CodeIgniter.php(918): App\Controllers\Kerangka->edit('img', 'logo', 'logo.png')
#6 C:\xampp\htdocs\smk67-project\vendor\codeigniter4\framework\system\CodeIgniter.php(404): CodeIgniter\CodeIgniter->runController(Object(App\Controllers\Kerangka))
#7 C:\xampp\htdocs\smk67-project\vendor\codeigniter4\framework\system\CodeIgniter.php(312): CodeIgniter\CodeIgniter->handleRequest(NULL, Object(Config\Cache), false)
#8 C:\xampp\htdocs\smk67-project\public\index.php(45): CodeIgniter\CodeIgniter->run()
#9 C:\xampp\htdocs\smk67-project\vendor\codeigniter4\framework\system\Commands\Server\rewrite.php(34): require_once('C:\\xampp\\htdocs...')
#10 {main}
CRITICAL - 2020-11-24 02:03:23 --> Undefined variable: user_data_id
#0 C:\xampp\htdocs\smk67-project\app\Views\templates\form.php(20): CodeIgniter\Debug\Exceptions->errorHandler(8, 'Undefined varia...', 'C:\\xampp\\htdocs...', 20, Array)
#1 C:\xampp\htdocs\smk67-project\vendor\codeigniter4\framework\system\View\View.php(246): include('C:\\xampp\\htdocs...')
#2 C:\xampp\htdocs\smk67-project\vendor\codeigniter4\framework\system\Common.php(1119): CodeIgniter\View\View->render('templates/form', Array, true)
#3 C:\xampp\htdocs\smk67-project\app\Config\Services.php(36): view('templates/form', Array)
#4 C:\xampp\htdocs\smk67-project\app\Controllers\Kerangka.php(70): Config\Services::template('templates/form', Array)
#5 C:\xampp\htdocs\smk67-project\vendor\codeigniter4\framework\system\CodeIgniter.php(918): App\Controllers\Kerangka->edit('img', 'logo', 'logo.png')
#6 C:\xampp\htdocs\smk67-project\vendor\codeigniter4\framework\system\CodeIgniter.php(404): CodeIgniter\CodeIgniter->runController(Object(App\Controllers\Kerangka))
#7 C:\xampp\htdocs\smk67-project\vendor\codeigniter4\framework\system\CodeIgniter.php(312): CodeIgniter\CodeIgniter->handleRequest(NULL, Object(Config\Cache), false)
#8 C:\xampp\htdocs\smk67-project\public\index.php(45): CodeIgniter\CodeIgniter->run()
#9 C:\xampp\htdocs\smk67-project\vendor\codeigniter4\framework\system\Commands\Server\rewrite.php(34): require_once('C:\\xampp\\htdocs...')
#10 {main}
CRITICAL - 2020-11-24 02:04:29 --> Undefined variable: user_data_id
#0 C:\xampp\htdocs\smk67-project\app\Views\templates\form.php(20): CodeIgniter\Debug\Exceptions->errorHandler(8, 'Undefined varia...', 'C:\\xampp\\htdocs...', 20, Array)
#1 C:\xampp\htdocs\smk67-project\vendor\codeigniter4\framework\system\View\View.php(246): include('C:\\xampp\\htdocs...')
#2 C:\xampp\htdocs\smk67-project\vendor\codeigniter4\framework\system\Common.php(1119): CodeIgniter\View\View->render('templates/form', Array, true)
#3 C:\xampp\htdocs\smk67-project\app\Config\Services.php(36): view('templates/form', Array)
#4 C:\xampp\htdocs\smk67-project\app\Controllers\Kerangka.php(70): Config\Services::template('templates/form', Array)
#5 C:\xampp\htdocs\smk67-project\vendor\codeigniter4\framework\system\CodeIgniter.php(918): App\Controllers\Kerangka->edit('img', 'logo', 'logo.png')
#6 C:\xampp\htdocs\smk67-project\vendor\codeigniter4\framework\system\CodeIgniter.php(404): CodeIgniter\CodeIgniter->runController(Object(App\Controllers\Kerangka))
#7 C:\xampp\htdocs\smk67-project\vendor\codeigniter4\framework\system\CodeIgniter.php(312): CodeIgniter\CodeIgniter->handleRequest(NULL, Object(Config\Cache), false)
#8 C:\xampp\htdocs\smk67-project\public\index.php(45): CodeIgniter\CodeIgniter->run()
#9 C:\xampp\htdocs\smk67-project\vendor\codeigniter4\framework\system\Commands\Server\rewrite.php(34): require_once('C:\\xampp\\htdocs...')
#10 {main}
CRITICAL - 2020-11-24 02:45:56 --> The row #2 could not be found, please file an issue in the tracker with the HTML code
#0 C:\xampp\htdocs\smk67-project\vendor\dompdf\dompdf\src\FrameReflower\TableRow.php(62): Dompdf\Cellmap->get_frame_height(Object(Dompdf\FrameDecorator\TableRow))
#1 C:\xampp\htdocs\smk67-project\vendor\dompdf\dompdf\src\FrameDecorator\AbstractFrameDecorator.php(895): Dompdf\FrameReflower\TableRow->reflow(NULL)
#2 C:\xampp\htdocs\smk67-project\vendor\dompdf\dompdf\src\FrameReflower\TableRowGroup.php(51): Dompdf\FrameDecorator\AbstractFrameDecorator->reflow()
#3 C:\xampp\htdocs\smk67-project\vendor\dompdf\dompdf\src\FrameDecorator\AbstractFrameDecorator.php(895): Dompdf\FrameReflower\TableRowGroup->reflow(NULL)
#4 C:\xampp\htdocs\smk67-project\vendor\dompdf\dompdf\src\FrameReflower\Table.php(489): Dompdf\FrameDecorator\AbstractFrameDecorator->reflow()
#5 C:\xampp\htdocs\smk67-project\vendor\dompdf\dompdf\src\FrameDecorator\AbstractFrameDecorator.php(895): Dompdf\FrameReflower\Table->reflow(Object(Dompdf\FrameDecorator\Block))
#6 C:\xampp\htdocs\smk67-project\vendor\dompdf\dompdf\src\FrameReflower\Block.php(845): Dompdf\FrameDecorator\AbstractFrameDecorator->reflow(Object(Dompdf\FrameDecorator\Block))
#7 C:\xampp\htdocs\smk67-project\vendor\dompdf\dompdf\src\FrameDecorator\AbstractFrameDecorator.php(895): Dompdf\FrameReflower\Block->reflow(NULL)
#8 C:\xampp\htdocs\smk67-project\vendor\dompdf\dompdf\src\FrameReflower\Page.php(141): Dompdf\FrameDecorator\AbstractFrameDecorator->reflow()
#9 C:\xampp\htdocs\smk67-project\vendor\dompdf\dompdf\src\FrameDecorator\AbstractFrameDecorator.php(895): Dompdf\FrameReflower\Page->reflow(NULL)
#10 C:\xampp\htdocs\smk67-project\vendor\dompdf\dompdf\src\Dompdf.php(815): Dompdf\FrameDecorator\AbstractFrameDecorator->reflow()
#11 C:\xampp\htdocs\smk67-project\app\Controllers\PdfController.php(26): Dompdf\Dompdf->render()
#12 C:\xampp\htdocs\smk67-project\vendor\codeigniter4\framework\system\CodeIgniter.php(918): App\Controllers\PdfController->htmlToPDF()
#13 C:\xampp\htdocs\smk67-project\vendor\codeigniter4\framework\system\CodeIgniter.php(404): CodeIgniter\CodeIgniter->runController(Object(App\Controllers\PdfController))
#14 C:\xampp\htdocs\smk67-project\vendor\codeigniter4\framework\system\CodeIgniter.php(312): CodeIgniter\CodeIgniter->handleRequest(NULL, Object(Config\Cache), false)
#15 C:\xampp\htdocs\smk67-project\public\index.php(45): CodeIgniter\CodeIgniter->run()
#16 C:\xampp\htdocs\smk67-project\vendor\codeigniter4\framework\system\Commands\Server\rewrite.php(34): require_once('C:\\xampp\\htdocs...')
#17 {main}
CRITICAL - 2020-11-24 02:46:16 --> Allowed memory size of 536870912 bytes exhausted (tried to allocate 266342400 bytes)
#0 [internal function]: CodeIgniter\Debug\Exceptions->shutdownHandler()
#1 {main}
CRITICAL - 2020-11-24 02:46:22 --> The row #2 could not be found, please file an issue in the tracker with the HTML code
#0 C:\xampp\htdocs\smk67-project\vendor\dompdf\dompdf\src\FrameReflower\TableRow.php(62): Dompdf\Cellmap->get_frame_height(Object(Dompdf\FrameDecorator\TableRow))
#1 C:\xampp\htdocs\smk67-project\vendor\dompdf\dompdf\src\FrameDecorator\AbstractFrameDecorator.php(895): Dompdf\FrameReflower\TableRow->reflow(NULL)
#2 C:\xampp\htdocs\smk67-project\vendor\dompdf\dompdf\src\FrameReflower\TableRowGroup.php(51): Dompdf\FrameDecorator\AbstractFrameDecorator->reflow()
#3 C:\xampp\htdocs\smk67-project\vendor\dompdf\dompdf\src\FrameDecorator\AbstractFrameDecorator.php(895): Dompdf\FrameReflower\TableRowGroup->reflow(NULL)
#4 C:\xampp\htdocs\smk67-project\vendor\dompdf\dompdf\src\FrameReflower\Table.php(489): Dompdf\FrameDecorator\AbstractFrameDecorator->reflow()
#5 C:\xampp\htdocs\smk67-project\vendor\dompdf\dompdf\src\FrameDecorator\AbstractFrameDecorator.php(895): Dompdf\FrameReflower\Table->reflow(Object(Dompdf\FrameDecorator\Block))
#6 C:\xampp\htdocs\smk67-project\vendor\dompdf\dompdf\src\FrameReflower\Block.php(845): Dompdf\FrameDecorator\AbstractFrameDecorator->reflow(Object(Dompdf\FrameDecorator\Block))
#7 C:\xampp\htdocs\smk67-project\vendor\dompdf\dompdf\src\FrameDecorator\AbstractFrameDecorator.php(895): Dompdf\FrameReflower\Block->reflow(NULL)
#8 C:\xampp\htdocs\smk67-project\vendor\dompdf\dompdf\src\FrameReflower\Page.php(141): Dompdf\FrameDecorator\AbstractFrameDecorator->reflow()
#9 C:\xampp\htdocs\smk67-project\vendor\dompdf\dompdf\src\FrameDecorator\AbstractFrameDecorator.php(895): Dompdf\FrameReflower\Page->reflow(NULL)
#10 C:\xampp\htdocs\smk67-project\vendor\dompdf\dompdf\src\Dompdf.php(815): Dompdf\FrameDecorator\AbstractFrameDecorator->reflow()
#11 C:\xampp\htdocs\smk67-project\app\Controllers\PdfController.php(26): Dompdf\Dompdf->render()
#12 C:\xampp\htdocs\smk67-project\vendor\codeigniter4\framework\system\CodeIgniter.php(918): App\Controllers\PdfController->htmlToPDF()
#13 C:\xampp\htdocs\smk67-project\vendor\codeigniter4\framework\system\CodeIgniter.php(404): CodeIgniter\CodeIgniter->runController(Object(App\Controllers\PdfController))
#14 C:\xampp\htdocs\smk67-project\vendor\codeigniter4\framework\system\CodeIgniter.php(312): CodeIgniter\CodeIgniter->handleRequest(NULL, Object(Config\Cache), false)
#15 C:\xampp\htdocs\smk67-project\public\index.php(45): CodeIgniter\CodeIgniter->run()
#16 C:\xampp\htdocs\smk67-project\vendor\codeigniter4\framework\system\Commands\Server\rewrite.php(34): require_once('C:\\xampp\\htdocs...')
#17 {main}
CRITICAL - 2020-11-24 02:46:36 --> Allowed memory size of 536870912 bytes exhausted (tried to allocate 266342400 bytes)
#0 [internal function]: CodeIgniter\Debug\Exceptions->shutdownHandler()
#1 {main}
CRITICAL - 2020-11-24 02:46:40 --> The row #2 could not be found, please file an issue in the tracker with the HTML code
#0 C:\xampp\htdocs\smk67-project\vendor\dompdf\dompdf\src\FrameReflower\TableRow.php(62): Dompdf\Cellmap->get_frame_height(Object(Dompdf\FrameDecorator\TableRow))
#1 C:\xampp\htdocs\smk67-project\vendor\dompdf\dompdf\src\FrameDecorator\AbstractFrameDecorator.php(895): Dompdf\FrameReflower\TableRow->reflow(NULL)
#2 C:\xampp\htdocs\smk67-project\vendor\dompdf\dompdf\src\FrameReflower\TableRowGroup.php(51): Dompdf\FrameDecorator\AbstractFrameDecorator->reflow()
#3 C:\xampp\htdocs\smk67-project\vendor\dompdf\dompdf\src\FrameDecorator\AbstractFrameDecorator.php(895): Dompdf\FrameReflower\TableRowGroup->reflow(NULL)
#4 C:\xampp\htdocs\smk67-project\vendor\dompdf\dompdf\src\FrameReflower\Table.php(489): Dompdf\FrameDecorator\AbstractFrameDecorator->reflow()
#5 C:\xampp\htdocs\smk67-project\vendor\dompdf\dompdf\src\FrameDecorator\AbstractFrameDecorator.php(895): Dompdf\FrameReflower\Table->reflow(Object(Dompdf\FrameDecorator\Block))
#6 C:\xampp\htdocs\smk67-project\vendor\dompdf\dompdf\src\FrameReflower\Block.php(845): Dompdf\FrameDecorator\AbstractFrameDecorator->reflow(Object(Dompdf\FrameDecorator\Block))
#7 C:\xampp\htdocs\smk67-project\vendor\dompdf\dompdf\src\FrameDecorator\AbstractFrameDecorator.php(895): Dompdf\FrameReflower\Block->reflow(NULL)
#8 C:\xampp\htdocs\smk67-project\vendor\dompdf\dompdf\src\FrameReflower\Page.php(141): Dompdf\FrameDecorator\AbstractFrameDecorator->reflow()
#9 C:\xampp\htdocs\smk67-project\vendor\dompdf\dompdf\src\FrameDecorator\AbstractFrameDecorator.php(895): Dompdf\FrameReflower\Page->reflow(NULL)
#10 C:\xampp\htdocs\smk67-project\vendor\dompdf\dompdf\src\Dompdf.php(815): Dompdf\FrameDecorator\AbstractFrameDecorator->reflow()
#11 C:\xampp\htdocs\smk67-project\app\Controllers\PdfController.php(26): Dompdf\Dompdf->render()
#12 C:\xampp\htdocs\smk67-project\vendor\codeigniter4\framework\system\CodeIgniter.php(918): App\Controllers\PdfController->htmlToPDF()
#13 C:\xampp\htdocs\smk67-project\vendor\codeigniter4\framework\system\CodeIgniter.php(404): CodeIgniter\CodeIgniter->runController(Object(App\Controllers\PdfController))
#14 C:\xampp\htdocs\smk67-project\vendor\codeigniter4\framework\system\CodeIgniter.php(312): CodeIgniter\CodeIgniter->handleRequest(NULL, Object(Config\Cache), false)
#15 C:\xampp\htdocs\smk67-project\public\index.php(45): CodeIgniter\CodeIgniter->run()
#16 C:\xampp\htdocs\smk67-project\vendor\codeigniter4\framework\system\Commands\Server\rewrite.php(34): require_once('C:\\xampp\\htdocs...')
#17 {main}
CRITICAL - 2020-11-24 02:46:52 --> Allowed memory size of 536870912 bytes exhausted (tried to allocate 266342400 bytes)
#0 [internal function]: CodeIgniter\Debug\Exceptions->shutdownHandler()
#1 {main}
CRITICAL - 2020-11-24 02:47:19 --> The row #2 could not be found, please file an issue in the tracker with the HTML code
#0 C:\xampp\htdocs\smk67-project\vendor\dompdf\dompdf\src\FrameReflower\TableRow.php(62): Dompdf\Cellmap->get_frame_height(Object(Dompdf\FrameDecorator\TableRow))
#1 C:\xampp\htdocs\smk67-project\vendor\dompdf\dompdf\src\FrameDecorator\AbstractFrameDecorator.php(895): Dompdf\FrameReflower\TableRow->reflow(NULL)
#2 C:\xampp\htdocs\smk67-project\vendor\dompdf\dompdf\src\FrameReflower\TableRowGroup.php(51): Dompdf\FrameDecorator\AbstractFrameDecorator->reflow()
#3 C:\xampp\htdocs\smk67-project\vendor\dompdf\dompdf\src\FrameDecorator\AbstractFrameDecorator.php(895): Dompdf\FrameReflower\TableRowGroup->reflow(NULL)
#4 C:\xampp\htdocs\smk67-project\vendor\dompdf\dompdf\src\FrameReflower\Table.php(489): Dompdf\FrameDecorator\AbstractFrameDecorator->reflow()
#5 C:\xampp\htdocs\smk67-project\vendor\dompdf\dompdf\src\FrameDecorator\AbstractFrameDecorator.php(895): Dompdf\FrameReflower\Table->reflow(Object(Dompdf\FrameDecorator\Block))
#6 C:\xampp\htdocs\smk67-project\vendor\dompdf\dompdf\src\FrameReflower\Block.php(845): Dompdf\FrameDecorator\AbstractFrameDecorator->reflow(Object(Dompdf\FrameDecorator\Block))
#7 C:\xampp\htdocs\smk67-project\vendor\dompdf\dompdf\src\FrameDecorator\AbstractFrameDecorator.php(895): Dompdf\FrameReflower\Block->reflow(NULL)
#8 C:\xampp\htdocs\smk67-project\vendor\dompdf\dompdf\src\FrameReflower\Page.php(141): Dompdf\FrameDecorator\AbstractFrameDecorator->reflow()
#9 C:\xampp\htdocs\smk67-project\vendor\dompdf\dompdf\src\FrameDecorator\AbstractFrameDecorator.php(895): Dompdf\FrameReflower\Page->reflow(NULL)
#10 C:\xampp\htdocs\smk67-project\vendor\dompdf\dompdf\src\Dompdf.php(815): Dompdf\FrameDecorator\AbstractFrameDecorator->reflow()
#11 C:\xampp\htdocs\smk67-project\app\Controllers\PdfController.php(26): Dompdf\Dompdf->render()
#12 C:\xampp\htdocs\smk67-project\vendor\codeigniter4\framework\system\CodeIgniter.php(918): App\Controllers\PdfController->htmlToPDF()
#13 C:\xampp\htdocs\smk67-project\vendor\codeigniter4\framework\system\CodeIgniter.php(404): CodeIgniter\CodeIgniter->runController(Object(App\Controllers\PdfController))
#14 C:\xampp\htdocs\smk67-project\vendor\codeigniter4\framework\system\CodeIgniter.php(312): CodeIgniter\CodeIgniter->handleRequest(NULL, Object(Config\Cache), false)
#15 C:\xampp\htdocs\smk67-project\public\index.php(45): CodeIgniter\CodeIgniter->run()
#16 C:\xampp\htdocs\smk67-project\vendor\codeigniter4\framework\system\Commands\Server\rewrite.php(34): require_once('C:\\xampp\\htdocs...')
#17 {main}
CRITICAL - 2020-11-24 02:47:31 --> Allowed memory size of 536870912 bytes exhausted (tried to allocate 264245248 bytes)
#0 [internal function]: CodeIgniter\Debug\Exceptions->shutdownHandler()
#1 {main}
CRITICAL - 2020-11-24 02:49:10 --> The row #2 could not be found, please file an issue in the tracker with the HTML code
#0 C:\xampp\htdocs\smk67-project\vendor\dompdf\dompdf\src\FrameReflower\TableRow.php(62): Dompdf\Cellmap->get_frame_height(Object(Dompdf\FrameDecorator\TableRow))
#1 C:\xampp\htdocs\smk67-project\vendor\dompdf\dompdf\src\FrameDecorator\AbstractFrameDecorator.php(895): Dompdf\FrameReflower\TableRow->reflow(NULL)
#2 C:\xampp\htdocs\smk67-project\vendor\dompdf\dompdf\src\FrameReflower\TableRowGroup.php(51): Dompdf\FrameDecorator\AbstractFrameDecorator->reflow()
#3 C:\xampp\htdocs\smk67-project\vendor\dompdf\dompdf\src\FrameDecorator\AbstractFrameDecorator.php(895): Dompdf\FrameReflower\TableRowGroup->reflow(NULL)
#4 C:\xampp\htdocs\smk67-project\vendor\dompdf\dompdf\src\FrameReflower\Table.php(489): Dompdf\FrameDecorator\AbstractFrameDecorator->reflow()
#5 C:\xampp\htdocs\smk67-project\vendor\dompdf\dompdf\src\FrameDecorator\AbstractFrameDecorator.php(895): Dompdf\FrameReflower\Table->reflow(Object(Dompdf\FrameDecorator\Block))
#6 C:\xampp\htdocs\smk67-project\vendor\dompdf\dompdf\src\FrameReflower\Block.php(845): Dompdf\FrameDecorator\AbstractFrameDecorator->reflow(Object(Dompdf\FrameDecorator\Block))
#7 C:\xampp\htdocs\smk67-project\vendor\dompdf\dompdf\src\FrameDecorator\AbstractFrameDecorator.php(895): Dompdf\FrameReflower\Block->reflow(NULL)
#8 C:\xampp\htdocs\smk67-project\vendor\dompdf\dompdf\src\FrameReflower\Page.php(141): Dompdf\FrameDecorator\AbstractFrameDecorator->reflow()
#9 C:\xampp\htdocs\smk67-project\vendor\dompdf\dompdf\src\FrameDecorator\AbstractFrameDecorator.php(895): Dompdf\FrameReflower\Page->reflow(NULL)
#10 C:\xampp\htdocs\smk67-project\vendor\dompdf\dompdf\src\Dompdf.php(815): Dompdf\FrameDecorator\AbstractFrameDecorator->reflow()
#11 C:\xampp\htdocs\smk67-project\app\Controllers\PdfController.php(26): Dompdf\Dompdf->render()
#12 C:\xampp\htdocs\smk67-project\vendor\codeigniter4\framework\system\CodeIgniter.php(918): App\Controllers\PdfController->htmlToPDF()
#13 C:\xampp\htdocs\smk67-project\vendor\codeigniter4\framework\system\CodeIgniter.php(404): CodeIgniter\CodeIgniter->runController(Object(App\Controllers\PdfController))
#14 C:\xampp\htdocs\smk67-project\vendor\codeigniter4\framework\system\CodeIgniter.php(312): CodeIgniter\CodeIgniter->handleRequest(NULL, Object(Config\Cache), false)
#15 C:\xampp\htdocs\smk67-project\public\index.php(45): CodeIgniter\CodeIgniter->run()
#16 C:\xampp\htdocs\smk67-project\vendor\codeigniter4\framework\system\Commands\Server\rewrite.php(34): require_once('C:\\xampp\\htdocs...')
#17 {main}
CRITICAL - 2020-11-24 02:49:21 --> Allowed memory size of 536870912 bytes exhausted (tried to allocate 264245248 bytes)
#0 [internal function]: CodeIgniter\Debug\Exceptions->shutdownHandler()
#1 {main}
CRITICAL - 2020-11-24 02:49:46 --> The row #2 could not be found, please file an issue in the tracker with the HTML code
#0 C:\xampp\htdocs\smk67-project\vendor\dompdf\dompdf\src\FrameReflower\TableRow.php(62): Dompdf\Cellmap->get_frame_height(Object(Dompdf\FrameDecorator\TableRow))
#1 C:\xampp\htdocs\smk67-project\vendor\dompdf\dompdf\src\FrameDecorator\AbstractFrameDecorator.php(895): Dompdf\FrameReflower\TableRow->reflow(NULL)
#2 C:\xampp\htdocs\smk67-project\vendor\dompdf\dompdf\src\FrameReflower\TableRowGroup.php(51): Dompdf\FrameDecorator\AbstractFrameDecorator->reflow()
#3 C:\xampp\htdocs\smk67-project\vendor\dompdf\dompdf\src\FrameDecorator\AbstractFrameDecorator.php(895): Dompdf\FrameReflower\TableRowGroup->reflow(NULL)
#4 C:\xampp\htdocs\smk67-project\vendor\dompdf\dompdf\src\FrameReflower\Table.php(489): Dompdf\FrameDecorator\AbstractFrameDecorator->reflow()
#5 C:\xampp\htdocs\smk67-project\vendor\dompdf\dompdf\src\FrameDecorator\AbstractFrameDecorator.php(895): Dompdf\FrameReflower\Table->reflow(Object(Dompdf\FrameDecorator\Block))
#6 C:\xampp\htdocs\smk67-project\vendor\dompdf\dompdf\src\FrameReflower\Block.php(845): Dompdf\FrameDecorator\AbstractFrameDecorator->reflow(Object(Dompdf\FrameDecorator\Block))
#7 C:\xampp\htdocs\smk67-project\vendor\dompdf\dompdf\src\FrameDecorator\AbstractFrameDecorator.php(895): Dompdf\FrameReflower\Block->reflow(NULL)
#8 C:\xampp\htdocs\smk67-project\vendor\dompdf\dompdf\src\FrameReflower\Page.php(141): Dompdf\FrameDecorator\AbstractFrameDecorator->reflow()
#9 C:\xampp\htdocs\smk67-project\vendor\dompdf\dompdf\src\FrameDecorator\AbstractFrameDecorator.php(895): Dompdf\FrameReflower\Page->reflow(NULL)
#10 C:\xampp\htdocs\smk67-project\vendor\dompdf\dompdf\src\Dompdf.php(815): Dompdf\FrameDecorator\AbstractFrameDecorator->reflow()
#11 C:\xampp\htdocs\smk67-project\app\Controllers\PdfController.php(26): Dompdf\Dompdf->render()
#12 C:\xampp\htdocs\smk67-project\vendor\codeigniter4\framework\system\CodeIgniter.php(918): App\Controllers\PdfController->htmlToPDF()
#13 C:\xampp\htdocs\smk67-project\vendor\codeigniter4\framework\system\CodeIgniter.php(404): CodeIgniter\CodeIgniter->runController(Object(App\Controllers\PdfController))
#14 C:\xampp\htdocs\smk67-project\vendor\codeigniter4\framework\system\CodeIgniter.php(312): CodeIgniter\CodeIgniter->handleRequest(NULL, Object(Config\Cache), false)
#15 C:\xampp\htdocs\smk67-project\public\index.php(45): CodeIgniter\CodeIgniter->run()
#16 C:\xampp\htdocs\smk67-project\vendor\codeigniter4\framework\system\Commands\Server\rewrite.php(34): require_once('C:\\xampp\\htdocs...')
#17 {main}
CRITICAL - 2020-11-24 02:49:58 --> Allowed memory size of 536870912 bytes exhausted (tried to allocate 262148096 bytes)
#0 [internal function]: CodeIgniter\Debug\Exceptions->shutdownHandler()
#1 {main}
CRITICAL - 2020-11-24 02:54:19 --> The row #2 could not be found, please file an issue in the tracker with the HTML code
#0 C:\xampp\htdocs\smk67-project\vendor\dompdf\dompdf\src\FrameReflower\TableRow.php(62): Dompdf\Cellmap->get_frame_height(Object(Dompdf\FrameDecorator\TableRow))
#1 C:\xampp\htdocs\smk67-project\vendor\dompdf\dompdf\src\FrameDecorator\AbstractFrameDecorator.php(895): Dompdf\FrameReflower\TableRow->reflow(NULL)
#2 C:\xampp\htdocs\smk67-project\vendor\dompdf\dompdf\src\FrameReflower\TableRowGroup.php(51): Dompdf\FrameDecorator\AbstractFrameDecorator->reflow()
#3 C:\xampp\htdocs\smk67-project\vendor\dompdf\dompdf\src\FrameDecorator\AbstractFrameDecorator.php(895): Dompdf\FrameReflower\TableRowGroup->reflow(NULL)
#4 C:\xampp\htdocs\smk67-project\vendor\dompdf\dompdf\src\FrameReflower\Table.php(489): Dompdf\FrameDecorator\AbstractFrameDecorator->reflow()
#5 C:\xampp\htdocs\smk67-project\vendor\dompdf\dompdf\src\FrameDecorator\AbstractFrameDecorator.php(895): Dompdf\FrameReflower\Table->reflow(Object(Dompdf\FrameDecorator\Block))
#6 C:\xampp\htdocs\smk67-project\vendor\dompdf\dompdf\src\FrameReflower\Block.php(845): Dompdf\FrameDecorator\AbstractFrameDecorator->reflow(Object(Dompdf\FrameDecorator\Block))
#7 C:\xampp\htdocs\smk67-project\vendor\dompdf\dompdf\src\FrameDecorator\AbstractFrameDecorator.php(895): Dompdf\FrameReflower\Block->reflow(NULL)
#8 C:\xampp\htdocs\smk67-project\vendor\dompdf\dompdf\src\FrameReflower\Page.php(141): Dompdf\FrameDecorator\AbstractFrameDecorator->reflow()
#9 C:\xampp\htdocs\smk67-project\vendor\dompdf\dompdf\src\FrameDecorator\AbstractFrameDecorator.php(895): Dompdf\FrameReflower\Page->reflow(NULL)
#10 C:\xampp\htdocs\smk67-project\vendor\dompdf\dompdf\src\Dompdf.php(815): Dompdf\FrameDecorator\AbstractFrameDecorator->reflow()
#11 C:\xampp\htdocs\smk67-project\app\Controllers\PdfController.php(26): Dompdf\Dompdf->render()
#12 C:\xampp\htdocs\smk67-project\vendor\codeigniter4\framework\system\CodeIgniter.php(918): App\Controllers\PdfController->htmlToPDF()
#13 C:\xampp\htdocs\smk67-project\vendor\codeigniter4\framework\system\CodeIgniter.php(404): CodeIgniter\CodeIgniter->runController(Object(App\Controllers\PdfController))
#14 C:\xampp\htdocs\smk67-project\vendor\codeigniter4\framework\system\CodeIgniter.php(312): CodeIgniter\CodeIgniter->handleRequest(NULL, Object(Config\Cache), false)
#15 C:\xampp\htdocs\smk67-project\public\index.php(45): CodeIgniter\CodeIgniter->run()
#16 C:\xampp\htdocs\smk67-project\vendor\codeigniter4\framework\system\Commands\Server\rewrite.php(34): require_once('C:\\xampp\\htdocs...')
#17 {main}
CRITICAL - 2020-11-24 02:54:31 --> Allowed memory size of 536870912 bytes exhausted (tried to allocate 264245248 bytes)
#0 [internal function]: CodeIgniter\Debug\Exceptions->shutdownHandler()
#1 {main}
CRITICAL - 2020-11-24 02:56:39 --> The row #2 could not be found, please file an issue in the tracker with the HTML code
#0 C:\xampp\htdocs\smk67-project\vendor\dompdf\dompdf\src\FrameReflower\TableRow.php(62): Dompdf\Cellmap->get_frame_height(Object(Dompdf\FrameDecorator\TableRow))
#1 C:\xampp\htdocs\smk67-project\vendor\dompdf\dompdf\src\FrameDecorator\AbstractFrameDecorator.php(895): Dompdf\FrameReflower\TableRow->reflow(NULL)
#2 C:\xampp\htdocs\smk67-project\vendor\dompdf\dompdf\src\FrameReflower\TableRowGroup.php(51): Dompdf\FrameDecorator\AbstractFrameDecorator->reflow()
#3 C:\xampp\htdocs\smk67-project\vendor\dompdf\dompdf\src\FrameDecorator\AbstractFrameDecorator.php(895): Dompdf\FrameReflower\TableRowGroup->reflow(NULL)
#4 C:\xampp\htdocs\smk67-project\vendor\dompdf\dompdf\src\FrameReflower\Table.php(489): Dompdf\FrameDecorator\AbstractFrameDecorator->reflow()
#5 C:\xampp\htdocs\smk67-project\vendor\dompdf\dompdf\src\FrameDecorator\AbstractFrameDecorator.php(895): Dompdf\FrameReflower\Table->reflow(Object(Dompdf\FrameDecorator\Block))
#6 C:\xampp\htdocs\smk67-project\vendor\dompdf\dompdf\src\FrameReflower\Block.php(845): Dompdf\FrameDecorator\AbstractFrameDecorator->reflow(Object(Dompdf\FrameDecorator\Block))
#7 C:\xampp\htdocs\smk67-project\vendor\dompdf\dompdf\src\FrameDecorator\AbstractFrameDecorator.php(895): Dompdf\FrameReflower\Block->reflow(NULL)
#8 C:\xampp\htdocs\smk67-project\vendor\dompdf\dompdf\src\FrameReflower\Page.php(141): Dompdf\FrameDecorator\AbstractFrameDecorator->reflow()
#9 C:\xampp\htdocs\smk67-project\vendor\dompdf\dompdf\src\FrameDecorator\AbstractFrameDecorator.php(895): Dompdf\FrameReflower\Page->reflow(NULL)
#10 C:\xampp\htdocs\smk67-project\vendor\dompdf\dompdf\src\Dompdf.php(815): Dompdf\FrameDecorator\AbstractFrameDecorator->reflow()
#11 C:\xampp\htdocs\smk67-project\app\Controllers\PdfController.php(26): Dompdf\Dompdf->render()
#12 C:\xampp\htdocs\smk67-project\vendor\codeigniter4\framework\system\CodeIgniter.php(918): App\Controllers\PdfController->htmlToPDF()
#13 C:\xampp\htdocs\smk67-project\vendor\codeigniter4\framework\system\CodeIgniter.php(404): CodeIgniter\CodeIgniter->runController(Object(App\Controllers\PdfController))
#14 C:\xampp\htdocs\smk67-project\vendor\codeigniter4\framework\system\CodeIgniter.php(312): CodeIgniter\CodeIgniter->handleRequest(NULL, Object(Config\Cache), false)
#15 C:\xampp\htdocs\smk67-project\public\index.php(45): CodeIgniter\CodeIgniter->run()
#16 C:\xampp\htdocs\smk67-project\vendor\codeigniter4\framework\system\Commands\Server\rewrite.php(34): require_once('C:\\xampp\\htdocs...')
#17 {main}
CRITICAL - 2020-11-24 02:56:54 --> Allowed memory size of 536870912 bytes exhausted (tried to allocate 262148096 bytes)
#0 [internal function]: CodeIgniter\Debug\Exceptions->shutdownHandler()
#1 {main}
CRITICAL - 2020-11-24 02:56:58 --> The row #2 could not be found, please file an issue in the tracker with the HTML code
#0 C:\xampp\htdocs\smk67-project\vendor\dompdf\dompdf\src\FrameReflower\TableRow.php(62): Dompdf\Cellmap->get_frame_height(Object(Dompdf\FrameDecorator\TableRow))
#1 C:\xampp\htdocs\smk67-project\vendor\dompdf\dompdf\src\FrameDecorator\AbstractFrameDecorator.php(895): Dompdf\FrameReflower\TableRow->reflow(NULL)
#2 C:\xampp\htdocs\smk67-project\vendor\dompdf\dompdf\src\FrameReflower\TableRowGroup.php(51): Dompdf\FrameDecorator\AbstractFrameDecorator->reflow()
#3 C:\xampp\htdocs\smk67-project\vendor\dompdf\dompdf\src\FrameDecorator\AbstractFrameDecorator.php(895): Dompdf\FrameReflower\TableRowGroup->reflow(NULL)
#4 C:\xampp\htdocs\smk67-project\vendor\dompdf\dompdf\src\FrameReflower\Table.php(489): Dompdf\FrameDecorator\AbstractFrameDecorator->reflow()
#5 C:\xampp\htdocs\smk67-project\vendor\dompdf\dompdf\src\FrameDecorator\AbstractFrameDecorator.php(895): Dompdf\FrameReflower\Table->reflow(Object(Dompdf\FrameDecorator\Block))
#6 C:\xampp\htdocs\smk67-project\vendor\dompdf\dompdf\src\FrameReflower\Block.php(845): Dompdf\FrameDecorator\AbstractFrameDecorator->reflow(Object(Dompdf\FrameDecorator\Block))
#7 C:\xampp\htdocs\smk67-project\vendor\dompdf\dompdf\src\FrameDecorator\AbstractFrameDecorator.php(895): Dompdf\FrameReflower\Block->reflow(NULL)
#8 C:\xampp\htdocs\smk67-project\vendor\dompdf\dompdf\src\FrameReflower\Page.php(141): Dompdf\FrameDecorator\AbstractFrameDecorator->reflow()
#9 C:\xampp\htdocs\smk67-project\vendor\dompdf\dompdf\src\FrameDecorator\AbstractFrameDecorator.php(895): Dompdf\FrameReflower\Page->reflow(NULL)
#10 C:\xampp\htdocs\smk67-project\vendor\dompdf\dompdf\src\Dompdf.php(815): Dompdf\FrameDecorator\AbstractFrameDecorator->reflow()
#11 C:\xampp\htdocs\smk67-project\app\Controllers\PdfController.php(26): Dompdf\Dompdf->render()
#12 C:\xampp\htdocs\smk67-project\vendor\codeigniter4\framework\system\CodeIgniter.php(918): App\Controllers\PdfController->htmlToPDF()
#13 C:\xampp\htdocs\smk67-project\vendor\codeigniter4\framework\system\CodeIgniter.php(404): CodeIgniter\CodeIgniter->runController(Object(App\Controllers\PdfController))
#14 C:\xampp\htdocs\smk67-project\vendor\codeigniter4\framework\system\CodeIgniter.php(312): CodeIgniter\CodeIgniter->handleRequest(NULL, Object(Config\Cache), false)
#15 C:\xampp\htdocs\smk67-project\public\index.php(45): CodeIgniter\CodeIgniter->run()
#16 C:\xampp\htdocs\smk67-project\vendor\codeigniter4\framework\system\Commands\Server\rewrite.php(34): require_once('C:\\xampp\\htdocs...')
#17 {main}
CRITICAL - 2020-11-24 02:57:15 --> Allowed memory size of 536870912 bytes exhausted (tried to allocate 264245248 bytes)
#0 [internal function]: CodeIgniter\Debug\Exceptions->shutdownHandler()
#1 {main}
CRITICAL - 2020-11-24 03:01:54 --> The row #2 could not be found, please file an issue in the tracker with the HTML code
#0 C:\xampp\htdocs\smk67-project\vendor\dompdf\dompdf\src\FrameReflower\TableRow.php(62): Dompdf\Cellmap->get_frame_height(Object(Dompdf\FrameDecorator\TableRow))
#1 C:\xampp\htdocs\smk67-project\vendor\dompdf\dompdf\src\FrameDecorator\AbstractFrameDecorator.php(895): Dompdf\FrameReflower\TableRow->reflow(NULL)
#2 C:\xampp\htdocs\smk67-project\vendor\dompdf\dompdf\src\FrameReflower\TableRowGroup.php(51): Dompdf\FrameDecorator\AbstractFrameDecorator->reflow()
#3 C:\xampp\htdocs\smk67-project\vendor\dompdf\dompdf\src\FrameDecorator\AbstractFrameDecorator.php(895): Dompdf\FrameReflower\TableRowGroup->reflow(NULL)
#4 C:\xampp\htdocs\smk67-project\vendor\dompdf\dompdf\src\FrameReflower\Table.php(489): Dompdf\FrameDecorator\AbstractFrameDecorator->reflow()
#5 C:\xampp\htdocs\smk67-project\vendor\dompdf\dompdf\src\FrameDecorator\AbstractFrameDecorator.php(895): Dompdf\FrameReflower\Table->reflow(Object(Dompdf\FrameDecorator\Block))
#6 C:\xampp\htdocs\smk67-project\vendor\dompdf\dompdf\src\FrameReflower\Block.php(845): Dompdf\FrameDecorator\AbstractFrameDecorator->reflow(Object(Dompdf\FrameDecorator\Block))
#7 C:\xampp\htdocs\smk67-project\vendor\dompdf\dompdf\src\FrameDecorator\AbstractFrameDecorator.php(895): Dompdf\FrameReflower\Block->reflow(NULL)
#8 C:\xampp\htdocs\smk67-project\vendor\dompdf\dompdf\src\FrameReflower\Page.php(141): Dompdf\FrameDecorator\AbstractFrameDecorator->reflow()
#9 C:\xampp\htdocs\smk67-project\vendor\dompdf\dompdf\src\FrameDecorator\AbstractFrameDecorator.php(895): Dompdf\FrameReflower\Page->reflow(NULL)
#10 C:\xampp\htdocs\smk67-project\vendor\dompdf\dompdf\src\Dompdf.php(815): Dompdf\FrameDecorator\AbstractFrameDecorator->reflow()
#11 C:\xampp\htdocs\smk67-project\app\Controllers\PdfController.php(26): Dompdf\Dompdf->render()
#12 C:\xampp\htdocs\smk67-project\vendor\codeigniter4\framework\system\CodeIgniter.php(918): App\Controllers\PdfController->htmlToPDF()
#13 C:\xampp\htdocs\smk67-project\vendor\codeigniter4\framework\system\CodeIgniter.php(404): CodeIgniter\CodeIgniter->runController(Object(App\Controllers\PdfController))
#14 C:\xampp\htdocs\smk67-project\vendor\codeigniter4\framework\system\CodeIgniter.php(312): CodeIgniter\CodeIgniter->handleRequest(NULL, Object(Config\Cache), false)
#15 C:\xampp\htdocs\smk67-project\public\index.php(45): CodeIgniter\CodeIgniter->run()
#16 C:\xampp\htdocs\smk67-project\vendor\codeigniter4\framework\system\Commands\Server\rewrite.php(34): require_once('C:\\xampp\\htdocs...')
#17 {main}
CRITICAL - 2020-11-24 03:02:05 --> Allowed memory size of 536870912 bytes exhausted (tried to allocate 260050944 bytes)
#0 [internal function]: CodeIgniter\Debug\Exceptions->shutdownHandler()
#1 {main}
CRITICAL - 2020-11-24 03:03:06 --> The row #2 could not be found, please file an issue in the tracker with the HTML code
#0 C:\xampp\htdocs\smk67-project\vendor\dompdf\dompdf\src\FrameReflower\TableRow.php(62): Dompdf\Cellmap->get_frame_height(Object(Dompdf\FrameDecorator\TableRow))
#1 C:\xampp\htdocs\smk67-project\vendor\dompdf\dompdf\src\FrameDecorator\AbstractFrameDecorator.php(895): Dompdf\FrameReflower\TableRow->reflow(NULL)
#2 C:\xampp\htdocs\smk67-project\vendor\dompdf\dompdf\src\FrameReflower\TableRowGroup.php(51): Dompdf\FrameDecorator\AbstractFrameDecorator->reflow()
#3 C:\xampp\htdocs\smk67-project\vendor\dompdf\dompdf\src\FrameDecorator\AbstractFrameDecorator.php(895): Dompdf\FrameReflower\TableRowGroup->reflow(NULL)
#4 C:\xampp\htdocs\smk67-project\vendor\dompdf\dompdf\src\FrameReflower\Table.php(489): Dompdf\FrameDecorator\AbstractFrameDecorator->reflow()
#5 C:\xampp\htdocs\smk67-project\vendor\dompdf\dompdf\src\FrameDecorator\AbstractFrameDecorator.php(895): Dompdf\FrameReflower\Table->reflow(Object(Dompdf\FrameDecorator\Block))
#6 C:\xampp\htdocs\smk67-project\vendor\dompdf\dompdf\src\FrameReflower\Block.php(845): Dompdf\FrameDecorator\AbstractFrameDecorator->reflow(Object(Dompdf\FrameDecorator\Block))
#7 C:\xampp\htdocs\smk67-project\vendor\dompdf\dompdf\src\FrameDecorator\AbstractFrameDecorator.php(895): Dompdf\FrameReflower\Block->reflow(NULL)
#8 C:\xampp\htdocs\smk67-project\vendor\dompdf\dompdf\src\FrameReflower\Page.php(141): Dompdf\FrameDecorator\AbstractFrameDecorator->reflow()
#9 C:\xampp\htdocs\smk67-project\vendor\dompdf\dompdf\src\FrameDecorator\AbstractFrameDecorator.php(895): Dompdf\FrameReflower\Page->reflow(NULL)
#10 C:\xampp\htdocs\smk67-project\vendor\dompdf\dompdf\src\Dompdf.php(815): Dompdf\FrameDecorator\AbstractFrameDecorator->reflow()
#11 C:\xampp\htdocs\smk67-project\app\Controllers\PdfController.php(26): Dompdf\Dompdf->render()
#12 C:\xampp\htdocs\smk67-project\vendor\codeigniter4\framework\system\CodeIgniter.php(918): App\Controllers\PdfController->htmlToPDF()
#13 C:\xampp\htdocs\smk67-project\vendor\codeigniter4\framework\system\CodeIgniter.php(404): CodeIgniter\CodeIgniter->runController(Object(App\Controllers\PdfController))
#14 C:\xampp\htdocs\smk67-project\vendor\codeigniter4\framework\system\CodeIgniter.php(312): CodeIgniter\CodeIgniter->handleRequest(NULL, Object(Config\Cache), false)
#15 C:\xampp\htdocs\smk67-project\public\index.php(45): CodeIgniter\CodeIgniter->run()
#16 C:\xampp\htdocs\smk67-project\vendor\codeigniter4\framework\system\Commands\Server\rewrite.php(34): require_once('C:\\xampp\\htdocs...')
#17 {main}
CRITICAL - 2020-11-24 03:03:18 --> Allowed memory size of 536870912 bytes exhausted (tried to allocate 264245248 bytes)
#0 [internal function]: CodeIgniter\Debug\Exceptions->shutdownHandler()
#1 {main}
CRITICAL - 2020-11-24 03:03:26 --> The row #2 could not be found, please file an issue in the tracker with the HTML code
#0 C:\xampp\htdocs\smk67-project\vendor\dompdf\dompdf\src\FrameReflower\TableRow.php(62): Dompdf\Cellmap->get_frame_height(Object(Dompdf\FrameDecorator\TableRow))
#1 C:\xampp\htdocs\smk67-project\vendor\dompdf\dompdf\src\FrameDecorator\AbstractFrameDecorator.php(895): Dompdf\FrameReflower\TableRow->reflow(NULL)
#2 C:\xampp\htdocs\smk67-project\vendor\dompdf\dompdf\src\FrameReflower\TableRowGroup.php(51): Dompdf\FrameDecorator\AbstractFrameDecorator->reflow()
#3 C:\xampp\htdocs\smk67-project\vendor\dompdf\dompdf\src\FrameDecorator\AbstractFrameDecorator.php(895): Dompdf\FrameReflower\TableRowGroup->reflow(NULL)
#4 C:\xampp\htdocs\smk67-project\vendor\dompdf\dompdf\src\FrameReflower\Table.php(489): Dompdf\FrameDecorator\AbstractFrameDecorator->reflow()
#5 C:\xampp\htdocs\smk67-project\vendor\dompdf\dompdf\src\FrameDecorator\AbstractFrameDecorator.php(895): Dompdf\FrameReflower\Table->reflow(Object(Dompdf\FrameDecorator\Block))
#6 C:\xampp\htdocs\smk67-project\vendor\dompdf\dompdf\src\FrameReflower\Block.php(845): Dompdf\FrameDecorator\AbstractFrameDecorator->reflow(Object(Dompdf\FrameDecorator\Block))
#7 C:\xampp\htdocs\smk67-project\vendor\dompdf\dompdf\src\FrameDecorator\AbstractFrameDecorator.php(895): Dompdf\FrameReflower\Block->reflow(NULL)
#8 C:\xampp\htdocs\smk67-project\vendor\dompdf\dompdf\src\FrameReflower\Page.php(141): Dompdf\FrameDecorator\AbstractFrameDecorator->reflow()
#9 C:\xampp\htdocs\smk67-project\vendor\dompdf\dompdf\src\FrameDecorator\AbstractFrameDecorator.php(895): Dompdf\FrameReflower\Page->reflow(NULL)
#10 C:\xampp\htdocs\smk67-project\vendor\dompdf\dompdf\src\Dompdf.php(815): Dompdf\FrameDecorator\AbstractFrameDecorator->reflow()
#11 C:\xampp\htdocs\smk67-project\app\Controllers\PdfController.php(26): Dompdf\Dompdf->render()
#12 C:\xampp\htdocs\smk67-project\vendor\codeigniter4\framework\system\CodeIgniter.php(918): App\Controllers\PdfController->htmlToPDF()
#13 C:\xampp\htdocs\smk67-project\vendor\codeigniter4\framework\system\CodeIgniter.php(404): CodeIgniter\CodeIgniter->runController(Object(App\Controllers\PdfController))
#14 C:\xampp\htdocs\smk67-project\vendor\codeigniter4\framework\system\CodeIgniter.php(312): CodeIgniter\CodeIgniter->handleRequest(NULL, Object(Config\Cache), false)
#15 C:\xampp\htdocs\smk67-project\public\index.php(45): CodeIgniter\CodeIgniter->run()
#16 C:\xampp\htdocs\smk67-project\vendor\codeigniter4\framework\system\Commands\Server\rewrite.php(34): require_once('C:\\xampp\\htdocs...')
#17 {main}
CRITICAL - 2020-11-24 03:03:38 --> Allowed memory size of 536870912 bytes exhausted (tried to allocate 264245248 bytes)
#0 [internal function]: CodeIgniter\Debug\Exceptions->shutdownHandler()
#1 {main}
CRITICAL - 2020-11-24 03:04:58 --> The row #2 could not be found, please file an issue in the tracker with the HTML code
#0 C:\xampp\htdocs\smk67-project\vendor\dompdf\dompdf\src\FrameReflower\TableRow.php(62): Dompdf\Cellmap->get_frame_height(Object(Dompdf\FrameDecorator\TableRow))
#1 C:\xampp\htdocs\smk67-project\vendor\dompdf\dompdf\src\FrameDecorator\AbstractFrameDecorator.php(895): Dompdf\FrameReflower\TableRow->reflow(NULL)
#2 C:\xampp\htdocs\smk67-project\vendor\dompdf\dompdf\src\FrameReflower\TableRowGroup.php(51): Dompdf\FrameDecorator\AbstractFrameDecorator->reflow()
#3 C:\xampp\htdocs\smk67-project\vendor\dompdf\dompdf\src\FrameDecorator\AbstractFrameDecorator.php(895): Dompdf\FrameReflower\TableRowGroup->reflow(NULL)
#4 C:\xampp\htdocs\smk67-project\vendor\dompdf\dompdf\src\FrameReflower\Table.php(489): Dompdf\FrameDecorator\AbstractFrameDecorator->reflow()
#5 C:\xampp\htdocs\smk67-project\vendor\dompdf\dompdf\src\FrameDecorator\AbstractFrameDecorator.php(895): Dompdf\FrameReflower\Table->reflow(Object(Dompdf\FrameDecorator\Block))
#6 C:\xampp\htdocs\smk67-project\vendor\dompdf\dompdf\src\FrameReflower\Block.php(845): Dompdf\FrameDecorator\AbstractFrameDecorator->reflow(Object(Dompdf\FrameDecorator\Block))
#7 C:\xampp\htdocs\smk67-project\vendor\dompdf\dompdf\src\FrameDecorator\AbstractFrameDecorator.php(895): Dompdf\FrameReflower\Block->reflow(NULL)
#8 C:\xampp\htdocs\smk67-project\vendor\dompdf\dompdf\src\FrameReflower\Page.php(141): Dompdf\FrameDecorator\AbstractFrameDecorator->reflow()
#9 C:\xampp\htdocs\smk67-project\vendor\dompdf\dompdf\src\FrameDecorator\AbstractFrameDecorator.php(895): Dompdf\FrameReflower\Page->reflow(NULL)
#10 C:\xampp\htdocs\smk67-project\vendor\dompdf\dompdf\src\Dompdf.php(815): Dompdf\FrameDecorator\AbstractFrameDecorator->reflow()
#11 C:\xampp\htdocs\smk67-project\app\Controllers\PdfController.php(26): Dompdf\Dompdf->render()
#12 C:\xampp\htdocs\smk67-project\vendor\codeigniter4\framework\system\CodeIgniter.php(918): App\Controllers\PdfController->htmlToPDF()
#13 C:\xampp\htdocs\smk67-project\vendor\codeigniter4\framework\system\CodeIgniter.php(404): CodeIgniter\CodeIgniter->runController(Object(App\Controllers\PdfController))
#14 C:\xampp\htdocs\smk67-project\vendor\codeigniter4\framework\system\CodeIgniter.php(312): CodeIgniter\CodeIgniter->handleRequest(NULL, Object(Config\Cache), false)
#15 C:\xampp\htdocs\smk67-project\public\index.php(45): CodeIgniter\CodeIgniter->run()
#16 C:\xampp\htdocs\smk67-project\vendor\codeigniter4\framework\system\Commands\Server\rewrite.php(34): require_once('C:\\xampp\\htdocs...')
#17 {main}
CRITICAL - 2020-11-24 03:05:11 --> Allowed memory size of 536870912 bytes exhausted (tried to allocate 266342400 bytes)
#0 [internal function]: CodeIgniter\Debug\Exceptions->shutdownHandler()
#1 {main}
CRITICAL - 2020-11-24 03:06:10 --> The row #2 could not be found, please file an issue in the tracker with the HTML code
#0 C:\xampp\htdocs\smk67-project\vendor\dompdf\dompdf\src\FrameReflower\TableRow.php(62): Dompdf\Cellmap->get_frame_height(Object(Dompdf\FrameDecorator\TableRow))
#1 C:\xampp\htdocs\smk67-project\vendor\dompdf\dompdf\src\FrameDecorator\AbstractFrameDecorator.php(895): Dompdf\FrameReflower\TableRow->reflow(NULL)
#2 C:\xampp\htdocs\smk67-project\vendor\dompdf\dompdf\src\FrameReflower\TableRowGroup.php(51): Dompdf\FrameDecorator\AbstractFrameDecorator->reflow()
#3 C:\xampp\htdocs\smk67-project\vendor\dompdf\dompdf\src\FrameDecorator\AbstractFrameDecorator.php(895): Dompdf\FrameReflower\TableRowGroup->reflow(NULL)
#4 C:\xampp\htdocs\smk67-project\vendor\dompdf\dompdf\src\FrameReflower\Table.php(489): Dompdf\FrameDecorator\AbstractFrameDecorator->reflow()
#5 C:\xampp\htdocs\smk67-project\vendor\dompdf\dompdf\src\FrameDecorator\AbstractFrameDecorator.php(895): Dompdf\FrameReflower\Table->reflow(Object(Dompdf\FrameDecorator\Block))
#6 C:\xampp\htdocs\smk67-project\vendor\dompdf\dompdf\src\FrameReflower\Block.php(845): Dompdf\FrameDecorator\AbstractFrameDecorator->reflow(Object(Dompdf\FrameDecorator\Block))
#7 C:\xampp\htdocs\smk67-project\vendor\dompdf\dompdf\src\FrameDecorator\AbstractFrameDecorator.php(895): Dompdf\FrameReflower\Block->reflow(NULL)
#8 C:\xampp\htdocs\smk67-project\vendor\dompdf\dompdf\src\FrameReflower\Page.php(141): Dompdf\FrameDecorator\AbstractFrameDecorator->reflow()
#9 C:\xampp\htdocs\smk67-project\vendor\dompdf\dompdf\src\FrameDecorator\AbstractFrameDecorator.php(895): Dompdf\FrameReflower\Page->reflow(NULL)
#10 C:\xampp\htdocs\smk67-project\vendor\dompdf\dompdf\src\Dompdf.php(815): Dompdf\FrameDecorator\AbstractFrameDecorator->reflow()
#11 C:\xampp\htdocs\smk67-project\app\Controllers\PdfController.php(26): Dompdf\Dompdf->render()
#12 C:\xampp\htdocs\smk67-project\vendor\codeigniter4\framework\system\CodeIgniter.php(918): App\Controllers\PdfController->htmlToPDF()
#13 C:\xampp\htdocs\smk67-project\vendor\codeigniter4\framework\system\CodeIgniter.php(404): CodeIgniter\CodeIgniter->runController(Object(App\Controllers\PdfController))
#14 C:\xampp\htdocs\smk67-project\vendor\codeigniter4\framework\system\CodeIgniter.php(312): CodeIgniter\CodeIgniter->handleRequest(NULL, Object(Config\Cache), false)
#15 C:\xampp\htdocs\smk67-project\public\index.php(45): CodeIgniter\CodeIgniter->run()
#16 C:\xampp\htdocs\smk67-project\vendor\codeigniter4\framework\system\Commands\Server\rewrite.php(34): require_once('C:\\xampp\\htdocs...')
#17 {main}
