CRITICAL - 2020-12-14 00:15:15 --> Undefined variable: user_data_id
#0 C:\xampp\htdocs\smk67-project\app\Views\templates\form.php(20): CodeIgniter\Debug\Exceptions->errorHandler(8, 'Undefined varia...', 'C:\\xampp\\htdocs...', 20, Array)
#1 C:\xampp\htdocs\smk67-project\vendor\codeigniter4\framework\system\View\View.php(246): include('C:\\xampp\\htdocs...')
#2 C:\xampp\htdocs\smk67-project\vendor\codeigniter4\framework\system\Common.php(1119): CodeIgniter\View\View->render('templates/form', Array, true)
#3 C:\xampp\htdocs\smk67-project\app\Config\Services.php(36): view('templates/form', Array)
#4 C:\xampp\htdocs\smk67-project\app\Controllers\Kerangka.php(81): Config\Services::template('templates/form', Array)
#5 C:\xampp\htdocs\smk67-project\vendor\codeigniter4\framework\system\CodeIgniter.php(918): App\Controllers\Kerangka->view('img', 'logo', 'logo.png')
#6 C:\xampp\htdocs\smk67-project\vendor\codeigniter4\framework\system\CodeIgniter.php(404): CodeIgniter\CodeIgniter->runController(Object(App\Controllers\Kerangka))
#7 C:\xampp\htdocs\smk67-project\vendor\codeigniter4\framework\system\CodeIgniter.php(312): CodeIgniter\CodeIgniter->handleRequest(NULL, Object(Config\Cache), false)
#8 C:\xampp\htdocs\smk67-project\public\index.php(45): CodeIgniter\CodeIgniter->run()
#9 C:\xampp\htdocs\smk67-project\vendor\codeigniter4\framework\system\Commands\Server\rewrite.php(34): require_once('C:\\xampp\\htdocs...')
#10 {main}
CRITICAL - 2020-12-14 00:15:21 --> Undefined variable: user_data_id
#0 C:\xampp\htdocs\smk67-project\app\Views\templates\form.php(20): CodeIgniter\Debug\Exceptions->errorHandler(8, 'Undefined varia...', 'C:\\xampp\\htdocs...', 20, Array)
#1 C:\xampp\htdocs\smk67-project\vendor\codeigniter4\framework\system\View\View.php(246): include('C:\\xampp\\htdocs...')
#2 C:\xampp\htdocs\smk67-project\vendor\codeigniter4\framework\system\Common.php(1119): CodeIgniter\View\View->render('templates/form', Array, true)
#3 C:\xampp\htdocs\smk67-project\app\Config\Services.php(36): view('templates/form', Array)
#4 C:\xampp\htdocs\smk67-project\app\Controllers\Kerangka.php(81): Config\Services::template('templates/form', Array)
#5 C:\xampp\htdocs\smk67-project\vendor\codeigniter4\framework\system\CodeIgniter.php(918): App\Controllers\Kerangka->view('img', 'logo', 'logo.png')
#6 C:\xampp\htdocs\smk67-project\vendor\codeigniter4\framework\system\CodeIgniter.php(404): CodeIgniter\CodeIgniter->runController(Object(App\Controllers\Kerangka))
#7 C:\xampp\htdocs\smk67-project\vendor\codeigniter4\framework\system\CodeIgniter.php(312): CodeIgniter\CodeIgniter->handleRequest(NULL, Object(Config\Cache), false)
#8 C:\xampp\htdocs\smk67-project\public\index.php(45): CodeIgniter\CodeIgniter->run()
#9 C:\xampp\htdocs\smk67-project\vendor\codeigniter4\framework\system\Commands\Server\rewrite.php(34): require_once('C:\\xampp\\htdocs...')
#10 {main}
CRITICAL - 2020-12-14 00:17:04 --> Too few arguments to function App\Controllers\PdfController::index(), 0 passed in C:\xampp\htdocs\smk67-project\vendor\codeigniter4\framework\system\CodeIgniter.php on line 918 and exactly 1 expected
#0 C:\xampp\htdocs\smk67-project\vendor\codeigniter4\framework\system\CodeIgniter.php(918): App\Controllers\PdfController->index()
#1 C:\xampp\htdocs\smk67-project\vendor\codeigniter4\framework\system\CodeIgniter.php(404): CodeIgniter\CodeIgniter->runController(Object(App\Controllers\PdfController))
#2 C:\xampp\htdocs\smk67-project\vendor\codeigniter4\framework\system\CodeIgniter.php(312): CodeIgniter\CodeIgniter->handleRequest(NULL, Object(Config\Cache), false)
#3 C:\xampp\htdocs\smk67-project\public\index.php(45): CodeIgniter\CodeIgniter->run()
#4 C:\xampp\htdocs\smk67-project\vendor\codeigniter4\framework\system\Commands\Server\rewrite.php(34): require_once('C:\\xampp\\htdocs...')
#5 {main}
CRITICAL - 2020-12-14 01:35:28 --> Too few arguments to function App\Controllers\PdfController::htmlToPDF(), 0 passed in C:\xampp\htdocs\smk67-project\vendor\codeigniter4\framework\system\CodeIgniter.php on line 918 and exactly 1 expected
#0 C:\xampp\htdocs\smk67-project\vendor\codeigniter4\framework\system\CodeIgniter.php(918): App\Controllers\PdfController->htmlToPDF()
#1 C:\xampp\htdocs\smk67-project\vendor\codeigniter4\framework\system\CodeIgniter.php(404): CodeIgniter\CodeIgniter->runController(Object(App\Controllers\PdfController))
#2 C:\xampp\htdocs\smk67-project\vendor\codeigniter4\framework\system\CodeIgniter.php(312): CodeIgniter\CodeIgniter->handleRequest(NULL, Object(Config\Cache), false)
#3 C:\xampp\htdocs\smk67-project\public\index.php(45): CodeIgniter\CodeIgniter->run()
#4 C:\xampp\htdocs\smk67-project\vendor\codeigniter4\framework\system\Commands\Server\rewrite.php(34): require_once('C:\\xampp\\htdocs...')
#5 {main}
CRITICAL - 2020-12-14 01:35:59 --> strtoupper() expects parameter 1 to be string, array given
#0 [internal function]: CodeIgniter\Debug\Exceptions->errorHandler(2, 'strtoupper() ex...', 'C:\\xampp\\htdocs...', 457, Array)
#1 C:\xampp\htdocs\smk67-project\vendor\dompdf\dompdf\src\Dompdf.php(457): strtoupper(Array)
#2 C:\xampp\htdocs\smk67-project\app\Controllers\PdfController.php(28): Dompdf\Dompdf->loadHtml('<!-- DEBUG-VIEW...', Array)
#3 C:\xampp\htdocs\smk67-project\vendor\codeigniter4\framework\system\CodeIgniter.php(918): App\Controllers\PdfController->htmlToPDF('5')
#4 C:\xampp\htdocs\smk67-project\vendor\codeigniter4\framework\system\CodeIgniter.php(404): CodeIgniter\CodeIgniter->runController(Object(App\Controllers\PdfController))
#5 C:\xampp\htdocs\smk67-project\vendor\codeigniter4\framework\system\CodeIgniter.php(312): CodeIgniter\CodeIgniter->handleRequest(NULL, Object(Config\Cache), false)
#6 C:\xampp\htdocs\smk67-project\public\index.php(45): CodeIgniter\CodeIgniter->run()
#7 C:\xampp\htdocs\smk67-project\vendor\codeigniter4\framework\system\Commands\Server\rewrite.php(34): require_once('C:\\xampp\\htdocs...')
#8 {main}
CRITICAL - 2020-12-14 01:37:31 --> Maximum execution time of 60 seconds exceeded
#0 [internal function]: CodeIgniter\Debug\Exceptions->shutdownHandler()
#1 {main}
CRITICAL - 2020-12-14 01:38:44 --> Maximum execution time of 60 seconds exceeded
#0 [internal function]: CodeIgniter\Debug\Exceptions->shutdownHandler()
#1 {main}
CRITICAL - 2020-12-14 01:39:44 --> Maximum execution time of 60 seconds exceeded
#0 [internal function]: CodeIgniter\Debug\Exceptions->shutdownHandler()
#1 {main}
CRITICAL - 2020-12-14 01:40:44 --> Maximum execution time of 60 seconds exceeded
#0 [internal function]: CodeIgniter\Debug\Exceptions->shutdownHandler()
#1 {main}
CRITICAL - 2020-12-14 01:42:30 --> Maximum execution time of 60 seconds exceeded
#0 [internal function]: CodeIgniter\Debug\Exceptions->shutdownHandler()
#1 {main}
CRITICAL - 2020-12-14 01:44:22 --> Maximum execution time of 60 seconds exceeded
#0 [internal function]: CodeIgniter\Debug\Exceptions->shutdownHandler()
#1 {main}
CRITICAL - 2020-12-14 01:45:48 --> Maximum execution time of 60 seconds exceeded
#0 [internal function]: CodeIgniter\Debug\Exceptions->shutdownHandler()
#1 {main}
CRITICAL - 2020-12-14 01:47:07 --> Maximum execution time of 60 seconds exceeded
#0 [internal function]: CodeIgniter\Debug\Exceptions->shutdownHandler()
#1 {main}
CRITICAL - 2020-12-14 01:48:57 --> Maximum execution time of 60 seconds exceeded
#0 [internal function]: CodeIgniter\Debug\Exceptions->shutdownHandler()
#1 {main}
CRITICAL - 2020-12-14 01:50:24 --> Maximum execution time of 60 seconds exceeded
#0 [internal function]: CodeIgniter\Debug\Exceptions->shutdownHandler()
#1 {main}
CRITICAL - 2020-12-14 01:51:24 --> Maximum execution time of 60 seconds exceeded
#0 [internal function]: CodeIgniter\Debug\Exceptions->shutdownHandler()
#1 {main}
CRITICAL - 2020-12-14 02:00:48 --> Maximum execution time of 60 seconds exceeded
#0 [internal function]: CodeIgniter\Debug\Exceptions->shutdownHandler()
#1 {main}
CRITICAL - 2020-12-14 02:13:36 --> Maximum execution time of 60 seconds exceeded
#0 [internal function]: CodeIgniter\Debug\Exceptions->shutdownHandler()
#1 {main}
CRITICAL - 2020-12-14 02:14:59 --> Maximum execution time of 60 seconds exceeded
#0 [internal function]: CodeIgniter\Debug\Exceptions->shutdownHandler()
#1 {main}
CRITICAL - 2020-12-14 02:39:18 --> Maximum execution time of 60 seconds exceeded
#0 [internal function]: CodeIgniter\Debug\Exceptions->shutdownHandler()
#1 {main}
CRITICAL - 2020-12-14 02:40:19 --> Maximum execution time of 60 seconds exceeded
#0 [internal function]: CodeIgniter\Debug\Exceptions->shutdownHandler()
#1 {main}
CRITICAL - 2020-12-14 02:43:56 --> Maximum execution time of 60 seconds exceeded
#0 [internal function]: CodeIgniter\Debug\Exceptions->shutdownHandler()
#1 {main}
CRITICAL - 2020-12-14 02:44:56 --> Maximum execution time of 60 seconds exceeded
#0 [internal function]: CodeIgniter\Debug\Exceptions->shutdownHandler()
#1 {main}
