CRITICAL - 2020-12-07 02:37:33 --> Unknown column 'b.status' in 'field list'
#0 C:\xampp\htdocs\smk67-project\vendor\codeigniter4\framework\system\Database\MySQLi\Connection.php(331): mysqli->query('SELECT DATE_FOR...')
#1 C:\xampp\htdocs\smk67-project\vendor\codeigniter4\framework\system\Database\BaseConnection.php(741): CodeIgniter\Database\MySQLi\Connection->execute('SELECT DATE_FOR...')
#2 C:\xampp\htdocs\smk67-project\vendor\codeigniter4\framework\system\Database\BaseConnection.php(669): CodeIgniter\Database\BaseConnection->simpleQuery('SELECT DATE_FOR...')
#3 C:\xampp\htdocs\smk67-project\vendor\codeigniter4\framework\system\Database\BaseBuilder.php(2019): CodeIgniter\Database\BaseConnection->query('SELECT DATE_FOR...', Array, false)
#4 C:\xampp\htdocs\smk67-project\app\Models\Request_model.php(30): CodeIgniter\Database\BaseBuilder->getWhere(Array)
#5 C:\xampp\htdocs\smk67-project\app\Controllers\Request.php(20): App\Models\Request_model->getRequestByUser('14')
#6 C:\xampp\htdocs\smk67-project\vendor\codeigniter4\framework\system\CodeIgniter.php(918): App\Controllers\Request->index()
#7 C:\xampp\htdocs\smk67-project\vendor\codeigniter4\framework\system\CodeIgniter.php(404): CodeIgniter\CodeIgniter->runController(Object(App\Controllers\Request))
#8 C:\xampp\htdocs\smk67-project\vendor\codeigniter4\framework\system\CodeIgniter.php(312): CodeIgniter\CodeIgniter->handleRequest(NULL, Object(Config\Cache), false)
#9 C:\xampp\htdocs\smk67-project\public\index.php(45): CodeIgniter\CodeIgniter->run()
#10 C:\xampp\htdocs\smk67-project\vendor\codeigniter4\framework\system\Commands\Server\rewrite.php(34): require_once('C:\\xampp\\htdocs...')
#11 {main}
CRITICAL - 2020-12-07 02:41:51 --> Unknown column 'c.pengirim' in 'where clause'
#0 C:\xampp\htdocs\smk67-project\vendor\codeigniter4\framework\system\Database\MySQLi\Connection.php(331): mysqli->query('SELECT DATE_FOR...')
#1 C:\xampp\htdocs\smk67-project\vendor\codeigniter4\framework\system\Database\BaseConnection.php(741): CodeIgniter\Database\MySQLi\Connection->execute('SELECT DATE_FOR...')
#2 C:\xampp\htdocs\smk67-project\vendor\codeigniter4\framework\system\Database\BaseConnection.php(669): CodeIgniter\Database\BaseConnection->simpleQuery('SELECT DATE_FOR...')
#3 C:\xampp\htdocs\smk67-project\vendor\codeigniter4\framework\system\Database\BaseBuilder.php(2019): CodeIgniter\Database\BaseConnection->query('SELECT DATE_FOR...', Array, false)
#4 C:\xampp\htdocs\smk67-project\app\Models\Request_model.php(30): CodeIgniter\Database\BaseBuilder->getWhere(Array)
#5 C:\xampp\htdocs\smk67-project\app\Controllers\Request.php(20): App\Models\Request_model->getRequestByUser('14')
#6 C:\xampp\htdocs\smk67-project\vendor\codeigniter4\framework\system\CodeIgniter.php(918): App\Controllers\Request->index()
#7 C:\xampp\htdocs\smk67-project\vendor\codeigniter4\framework\system\CodeIgniter.php(404): CodeIgniter\CodeIgniter->runController(Object(App\Controllers\Request))
#8 C:\xampp\htdocs\smk67-project\vendor\codeigniter4\framework\system\CodeIgniter.php(312): CodeIgniter\CodeIgniter->handleRequest(NULL, Object(Config\Cache), false)
#9 C:\xampp\htdocs\smk67-project\public\index.php(45): CodeIgniter\CodeIgniter->run()
#10 C:\xampp\htdocs\smk67-project\vendor\codeigniter4\framework\system\Commands\Server\rewrite.php(34): require_once('C:\\xampp\\htdocs...')
#11 {main}
CRITICAL - 2020-12-07 02:44:01 --> Class 'App\Controllers\User_model' not found
#0 C:\xampp\htdocs\smk67-project\vendor\codeigniter4\framework\system\CodeIgniter.php(918): App\Controllers\Request->add()
#1 C:\xampp\htdocs\smk67-project\vendor\codeigniter4\framework\system\CodeIgniter.php(404): CodeIgniter\CodeIgniter->runController(Object(App\Controllers\Request))
#2 C:\xampp\htdocs\smk67-project\vendor\codeigniter4\framework\system\CodeIgniter.php(312): CodeIgniter\CodeIgniter->handleRequest(NULL, Object(Config\Cache), false)
#3 C:\xampp\htdocs\smk67-project\public\index.php(45): CodeIgniter\CodeIgniter->run()
#4 C:\xampp\htdocs\smk67-project\vendor\codeigniter4\framework\system\Commands\Server\rewrite.php(34): require_once('C:\\xampp\\htdocs...')
#5 {main}
CRITICAL - 2020-12-07 02:54:29 --> Class 'App\Controllers\User_model' not found
#0 C:\xampp\htdocs\smk67-project\vendor\codeigniter4\framework\system\CodeIgniter.php(918): App\Controllers\Request->add()
#1 C:\xampp\htdocs\smk67-project\vendor\codeigniter4\framework\system\CodeIgniter.php(404): CodeIgniter\CodeIgniter->runController(Object(App\Controllers\Request))
#2 C:\xampp\htdocs\smk67-project\vendor\codeigniter4\framework\system\CodeIgniter.php(312): CodeIgniter\CodeIgniter->handleRequest(NULL, Object(Config\Cache), false)
#3 C:\xampp\htdocs\smk67-project\public\index.php(45): CodeIgniter\CodeIgniter->run()
#4 C:\xampp\htdocs\smk67-project\vendor\codeigniter4\framework\system\Commands\Server\rewrite.php(34): require_once('C:\\xampp\\htdocs...')
#5 {main}
CRITICAL - 2020-12-07 02:54:30 --> Class 'App\Controllers\User_model' not found
#0 C:\xampp\htdocs\smk67-project\vendor\codeigniter4\framework\system\CodeIgniter.php(918): App\Controllers\Request->add()
#1 C:\xampp\htdocs\smk67-project\vendor\codeigniter4\framework\system\CodeIgniter.php(404): CodeIgniter\CodeIgniter->runController(Object(App\Controllers\Request))
#2 C:\xampp\htdocs\smk67-project\vendor\codeigniter4\framework\system\CodeIgniter.php(312): CodeIgniter\CodeIgniter->handleRequest(NULL, Object(Config\Cache), false)
#3 C:\xampp\htdocs\smk67-project\public\index.php(45): CodeIgniter\CodeIgniter->run()
#4 C:\xampp\htdocs\smk67-project\vendor\codeigniter4\framework\system\Commands\Server\rewrite.php(34): require_once('C:\\xampp\\htdocs...')
#5 {main}
CRITICAL - 2020-12-07 02:58:40 --> Call to undefined method App\Models\Request_model::saveSurat
#0 C:\xampp\htdocs\smk67-project\app\Controllers\Request.php(44): CodeIgniter\Model->__call('saveSurat', Array)
#1 C:\xampp\htdocs\smk67-project\vendor\codeigniter4\framework\system\CodeIgniter.php(918): App\Controllers\Request->save()
#2 C:\xampp\htdocs\smk67-project\vendor\codeigniter4\framework\system\CodeIgniter.php(404): CodeIgniter\CodeIgniter->runController(Object(App\Controllers\Request))
#3 C:\xampp\htdocs\smk67-project\vendor\codeigniter4\framework\system\CodeIgniter.php(312): CodeIgniter\CodeIgniter->handleRequest(NULL, Object(Config\Cache), false)
#4 C:\xampp\htdocs\smk67-project\public\index.php(45): CodeIgniter\CodeIgniter->run()
#5 C:\xampp\htdocs\smk67-project\vendor\codeigniter4\framework\system\Commands\Server\rewrite.php(34): require_once('C:\\xampp\\htdocs...')
#6 {main}
CRITICAL - 2020-12-07 02:59:39 --> Unknown column 'tgl_kirim' in 'field list'
#0 C:\xampp\htdocs\smk67-project\vendor\codeigniter4\framework\system\Database\MySQLi\Connection.php(331): mysqli->query('INSERT INTO `su...')
#1 C:\xampp\htdocs\smk67-project\vendor\codeigniter4\framework\system\Database\BaseConnection.php(741): CodeIgniter\Database\MySQLi\Connection->execute('INSERT INTO `su...')
#2 C:\xampp\htdocs\smk67-project\vendor\codeigniter4\framework\system\Database\BaseConnection.php(669): CodeIgniter\Database\BaseConnection->simpleQuery('INSERT INTO `su...')
#3 C:\xampp\htdocs\smk67-project\vendor\codeigniter4\framework\system\Database\BaseBuilder.php(2249): CodeIgniter\Database\BaseConnection->query('INSERT INTO `su...', Array, false)
#4 C:\xampp\htdocs\smk67-project\app\Models\Request_model.php(35): CodeIgniter\Database\BaseBuilder->insert(Array)
#5 C:\xampp\htdocs\smk67-project\app\Controllers\Request.php(44): App\Models\Request_model->saveRequest(Array)
#6 C:\xampp\htdocs\smk67-project\vendor\codeigniter4\framework\system\CodeIgniter.php(918): App\Controllers\Request->save()
#7 C:\xampp\htdocs\smk67-project\vendor\codeigniter4\framework\system\CodeIgniter.php(404): CodeIgniter\CodeIgniter->runController(Object(App\Controllers\Request))
#8 C:\xampp\htdocs\smk67-project\vendor\codeigniter4\framework\system\CodeIgniter.php(312): CodeIgniter\CodeIgniter->handleRequest(NULL, Object(Config\Cache), false)
#9 C:\xampp\htdocs\smk67-project\public\index.php(45): CodeIgniter\CodeIgniter->run()
#10 C:\xampp\htdocs\smk67-project\vendor\codeigniter4\framework\system\Commands\Server\rewrite.php(34): require_once('C:\\xampp\\htdocs...')
#11 {main}
CRITICAL - 2020-12-07 03:00:06 --> Undefined index: id
#0 C:\xampp\htdocs\smk67-project\app\Views\request\index.php(62): CodeIgniter\Debug\Exceptions->errorHandler(8, 'Undefined index...', 'C:\\xampp\\htdocs...', 62, Array)
#1 C:\xampp\htdocs\smk67-project\vendor\codeigniter4\framework\system\View\View.php(246): include('C:\\xampp\\htdocs...')
#2 C:\xampp\htdocs\smk67-project\vendor\codeigniter4\framework\system\Common.php(1119): CodeIgniter\View\View->render('request/index', Array, true)
#3 C:\xampp\htdocs\smk67-project\app\Config\Services.php(36): view('request/index', Array)
#4 C:\xampp\htdocs\smk67-project\app\Controllers\Request.php(21): Config\Services::template('request/index', Array)
#5 C:\xampp\htdocs\smk67-project\vendor\codeigniter4\framework\system\CodeIgniter.php(918): App\Controllers\Request->index()
#6 C:\xampp\htdocs\smk67-project\vendor\codeigniter4\framework\system\CodeIgniter.php(404): CodeIgniter\CodeIgniter->runController(Object(App\Controllers\Request))
#7 C:\xampp\htdocs\smk67-project\vendor\codeigniter4\framework\system\CodeIgniter.php(312): CodeIgniter\CodeIgniter->handleRequest(NULL, Object(Config\Cache), false)
#8 C:\xampp\htdocs\smk67-project\public\index.php(45): CodeIgniter\CodeIgniter->run()
#9 C:\xampp\htdocs\smk67-project\vendor\codeigniter4\framework\system\Commands\Server\rewrite.php(34): require_once('C:\\xampp\\htdocs...')
#10 {main}
